--------------- Build Started: 03/22/2017 18:18:39 Project: PSoC_Grbl, Configuration: ARM GCC 4.9-2015-q1-update Debug ---------------
cydsfit.exe -.appdatapath "C:\Users\Bart\AppData\Local\Cypress Semiconductor\PSoC Creator\4.0" -.fdsnotice -.fdswarpdepfile=warp_dependencies.txt -.fdselabdepfile=elab_dependencies.txt -.fdsbldfile=generated_files.txt -.fdsreffile=referenced_files.txt -p C:\Users\Bart\Dropbox\PSoC\PSoC_Grbl\PSoC_Grbl.cydsn\PSoC_Grbl.cyprj -d CY8C5888LTI-LP097 -s C:\Users\Bart\Dropbox\PSoC\PSoC_Grbl\PSoC_Grbl.cydsn\Generated_Source\PSoC5 -- -yv2 -q10 -ygs -o2 -v3 -.fftcfgtype=LE
Elaborating Design...
ADD: fit.M0032: warning: Clock Warning: (Clock_LCD_Update's accuracy range '8  Hz -50% +100%, (4  Hz - 16  Hz)' is not within the specified tolerance range '8  Hz +/- 5%, (7.6  Hz - 8.4  Hz)'.).
 * C:\Users\Bart\Dropbox\PSoC\PSoC_Grbl\PSoC_Grbl.cydsn\PSoC_Grbl.cydwr (Clock_LCD_Update)
 * C:\Users\Bart\Dropbox\PSoC\PSoC_Grbl\PSoC_Grbl.cydsn\TopDesign\TopDesign.cysch (Instance:Clock_LCD_Update)
ADD: fit.M0032: warning: Clock Warning: (Clock_Sw_DB's accuracy range '10  Hz -50% +100%, (5  Hz - 20  Hz)' is not within the specified tolerance range '10  Hz +/- 5%, (9.5  Hz - 10.5  Hz)'.).
 * C:\Users\Bart\Dropbox\PSoC\PSoC_Grbl\PSoC_Grbl.cydsn\PSoC_Grbl.cydwr (Clock_Sw_DB)
 * C:\Users\Bart\Dropbox\PSoC\PSoC_Grbl\PSoC_Grbl.cydsn\TopDesign\TopDesign.cysch (Instance:Clock_Sw_DB)
ADD: fit.M0032: warning: Clock Warning: (Clock_Lim_DB's accuracy range '10  Hz -50% +100%, (5  Hz - 20  Hz)' is not within the specified tolerance range '10  Hz +/- 5%, (9.5  Hz - 10.5  Hz)'.).
 * C:\Users\Bart\Dropbox\PSoC\PSoC_Grbl\PSoC_Grbl.cydsn\PSoC_Grbl.cydwr (Clock_Lim_DB)
 * C:\Users\Bart\Dropbox\PSoC\PSoC_Grbl\PSoC_Grbl.cydsn\TopDesign\TopDesign.cysch (Instance:Clock_Lim_DB)
ADD: pft.M0074: information: A (re)build is required to use the analog device editor. Unable to load the necessary information from the cyfit file. Partial/wrong data will be displayed until this has been resolved.
 * C:\Users\Bart\Dropbox\PSoC\PSoC_Grbl\PSoC_Grbl.cydsn\PSoC_Grbl.cydwr ()
HDL Generation...
Synthesis...
Tech Mapping...
Analog Placement...
Analog Routing...
Analog Code Generation...
Digital Placement...
Digital Routing...
Bitstream Generation...
Bitstream Verification...
Static timing analysis...
API Generation...
DEL: pft.M0074: information: A (re)build is required to use the analog device editor. Unable to load the necessary information from the cyfit file. Partial/wrong data will be displayed until this has been resolved.
 * C:\Users\Bart\Dropbox\PSoC\PSoC_Grbl\PSoC_Grbl.cydsn\PSoC_Grbl.cydwr ()
Dependency Generation...
Cleanup...
arm-none-eabi-gcc.exe -mcpu=cortex-m3 -mthumb -I. -IGenerated_Source\PSoC5 -Wa,-alh=.\CortexM3\ARM_GCC_493\Debug/main.lst -g -D DEBUG -Wall -ffunction-sections -Og -ffat-lto-objects -c main.c -o .\CortexM3\ARM_GCC_493\Debug\main.o
arm-none-eabi-gcc.exe -mcpu=cortex-m3 -mthumb -I. -IGenerated_Source\PSoC5 -Wa,-alh=.\CortexM3\ARM_GCC_493\Debug/lcd_report.lst -g -D DEBUG -Wall -ffunction-sections -Og -ffat-lto-objects -c lcd_report.c -o .\CortexM3\ARM_GCC_493\Debug\lcd_report.o
arm-none-eabi-gcc.exe -mcpu=cortex-m3 -mthumb -I. -IGenerated_Source\PSoC5 -Wa,-alh=.\CortexM3\ARM_GCC_493\Debug/serial.lst -g -D DEBUG -Wall -ffunction-sections -Og -ffat-lto-objects -c serial.c -o .\CortexM3\ARM_GCC_493\Debug\serial.o
arm-none-eabi-gcc.exe -mcpu=cortex-m3 -mthumb -I. -IGenerated_Source\PSoC5 -Wa,-alh=.\CortexM3\ARM_GCC_493\Debug/report.lst -g -D DEBUG -Wall -ffunction-sections -Og -ffat-lto-objects -c report.c -o .\CortexM3\ARM_GCC_493\Debug\report.o
arm-none-eabi-gcc.exe -mcpu=cortex-m3 -mthumb -I. -IGenerated_Source\PSoC5 -Wa,-alh=.\CortexM3\ARM_GCC_493\Debug/settings.lst -g -D DEBUG -Wall -ffunction-sections -Og -ffat-lto-objects -c settings.c -o .\CortexM3\ARM_GCC_493\Debug\settings.o
arm-none-eabi-gcc.exe -mcpu=cortex-m3 -mthumb -I. -IGenerated_Source\PSoC5 -Wa,-alh=.\CortexM3\ARM_GCC_493\Debug/eeprom.lst -g -D DEBUG -Wall -ffunction-sections -Og -ffat-lto-objects -c eeprom.c -o .\CortexM3\ARM_GCC_493\Debug\eeprom.o
arm-none-eabi-gcc.exe -mcpu=cortex-m3 -mthumb -I. -IGenerated_Source\PSoC5 -Wa,-alh=.\CortexM3\ARM_GCC_493\Debug/coolant_control.lst -g -D DEBUG -Wall -ffunction-sections -Og -ffat-lto-objects -c coolant_control.c -o .\CortexM3\ARM_GCC_493\Debug\coolant_control.o
arm-none-eabi-gcc.exe -mcpu=cortex-m3 -mthumb -I. -IGenerated_Source\PSoC5 -Wa,-alh=.\CortexM3\ARM_GCC_493\Debug/gcode.lst -g -D DEBUG -Wall -ffunction-sections -Og -ffat-lto-objects -c gcode.c -o .\CortexM3\ARM_GCC_493\Debug\gcode.o
arm-none-eabi-gcc.exe -mcpu=cortex-m3 -mthumb -I. -IGenerated_Source\PSoC5 -Wa,-alh=.\CortexM3\ARM_GCC_493\Debug/limits.lst -g -D DEBUG -Wall -ffunction-sections -Og -ffat-lto-objects -c limits.c -o .\CortexM3\ARM_GCC_493\Debug\limits.o
arm-none-eabi-gcc.exe -mcpu=cortex-m3 -mthumb -I. -IGenerated_Source\PSoC5 -Wa,-alh=.\CortexM3\ARM_GCC_493\Debug/nut_bolts.lst -g -D DEBUG -Wall -ffunction-sections -Og -ffat-lto-objects -c nut_bolts.c -o .\CortexM3\ARM_GCC_493\Debug\nut_bolts.o
arm-none-eabi-gcc.exe -mcpu=cortex-m3 -mthumb -I. -IGenerated_Source\PSoC5 -Wa,-alh=.\CortexM3\ARM_GCC_493\Debug/planner.lst -g -D DEBUG -Wall -ffunction-sections -Og -ffat-lto-objects -c planner.c -o .\CortexM3\ARM_GCC_493\Debug\planner.o
arm-none-eabi-gcc.exe -mcpu=cortex-m3 -mthumb -I. -IGenerated_Source\PSoC5 -Wa,-alh=.\CortexM3\ARM_GCC_493\Debug/print.lst -g -D DEBUG -Wall -ffunction-sections -Og -ffat-lto-objects -c print.c -o .\CortexM3\ARM_GCC_493\Debug\print.o
arm-none-eabi-gcc.exe -mcpu=cortex-m3 -mthumb -I. -IGenerated_Source\PSoC5 -Wa,-alh=.\CortexM3\ARM_GCC_493\Debug/probe.lst -g -D DEBUG -Wall -ffunction-sections -Og -ffat-lto-objects -c probe.c -o .\CortexM3\ARM_GCC_493\Debug\probe.o
arm-none-eabi-gcc.exe -mcpu=cortex-m3 -mthumb -I. -IGenerated_Source\PSoC5 -Wa,-alh=.\CortexM3\ARM_GCC_493\Debug/protocol.lst -g -D DEBUG -Wall -ffunction-sections -Og -ffat-lto-objects -c protocol.c -o .\CortexM3\ARM_GCC_493\Debug\protocol.o
arm-none-eabi-gcc.exe -mcpu=cortex-m3 -mthumb -I. -IGenerated_Source\PSoC5 -Wa,-alh=.\CortexM3\ARM_GCC_493\Debug/spindle_control.lst -g -D DEBUG -Wall -ffunction-sections -Og -ffat-lto-objects -c spindle_control.c -o .\CortexM3\ARM_GCC_493\Debug\spindle_control.o
arm-none-eabi-gcc.exe -mcpu=cortex-m3 -mthumb -I. -IGenerated_Source\PSoC5 -Wa,-alh=.\CortexM3\ARM_GCC_493\Debug/stepper.lst -g -D DEBUG -Wall -ffunction-sections -Og -ffat-lto-objects -c stepper.c -o .\CortexM3\ARM_GCC_493\Debug\stepper.o
stepper.c: In function 'st_go_idle':
stepper.c:240:8: warning: variable 'pin_state' set but not used [-Wunused-but-set-variable]
   bool pin_state = false; // Keep enabled.
        ^
arm-none-eabi-gcc.exe -mcpu=cortex-m3 -mthumb -I. -IGenerated_Source\PSoC5 -Wa,-alh=.\CortexM3\ARM_GCC_493\Debug/system.lst -g -D DEBUG -Wall -ffunction-sections -Og -ffat-lto-objects -c system.c -o .\CortexM3\ARM_GCC_493\Debug\system.o
arm-none-eabi-gcc.exe -mcpu=cortex-m3 -mthumb -I. -IGenerated_Source\PSoC5 -Wa,-alh=.\CortexM3\ARM_GCC_493\Debug/motion_control.lst -g -D DEBUG -Wall -ffunction-sections -Og -ffat-lto-objects -c motion_control.c -o .\CortexM3\ARM_GCC_493\Debug\motion_control.o
arm-none-eabi-gcc.exe -mcpu=cortex-m3 -mthumb -I. -IGenerated_Source\PSoC5 -Wa,-alh=.\CortexM3\ARM_GCC_493\Debug/jog.lst -g -D DEBUG -Wall -ffunction-sections -Og -ffat-lto-objects -c jog.c -o .\CortexM3\ARM_GCC_493\Debug\jog.o
arm-none-eabi-gcc.exe -mcpu=cortex-m3 -mthumb -I. -IGenerated_Source\PSoC5 -Wa,-alh=.\CortexM3\ARM_GCC_493\Debug/cyfitter_cfg.lst -g -D DEBUG -Wall -ffunction-sections -Og -ffat-lto-objects -c Generated_Source\PSoC5\cyfitter_cfg.c -o .\CortexM3\ARM_GCC_493\Debug\cyfitter_cfg.o
arm-none-eabi-gcc.exe -mcpu=cortex-m3 -mthumb -I. -IGenerated_Source\PSoC5 -Wa,-alh=.\CortexM3\ARM_GCC_493\Debug/cymetadata.lst -g -D DEBUG -Wall -ffunction-sections -Og -ffat-lto-objects -c Generated_Source\PSoC5\cymetadata.c -o .\CortexM3\ARM_GCC_493\Debug\cymetadata.o
arm-none-eabi-gcc.exe -mcpu=cortex-m3 -mthumb -I. -IGenerated_Source\PSoC5 -Wa,-alh=.\CortexM3\ARM_GCC_493\Debug/LCD.lst -g -D DEBUG -Wall -ffunction-sections -Og -ffat-lto-objects -c Generated_Source\PSoC5\LCD.c -o .\CortexM3\ARM_GCC_493\Debug\LCD.o
arm-none-eabi-gcc.exe -mcpu=cortex-m3 -mthumb -I. -IGenerated_Source\PSoC5 -Wa,-alh=.\CortexM3\ARM_GCC_493\Debug/LCD_PM.lst -g -D DEBUG -Wall -ffunction-sections -Og -ffat-lto-objects -c Generated_Source\PSoC5\LCD_PM.c -o .\CortexM3\ARM_GCC_493\Debug\LCD_PM.o
arm-none-eabi-gcc.exe -mcpu=cortex-m3 -mthumb -I. -IGenerated_Source\PSoC5 -Wa,-alh=.\CortexM3\ARM_GCC_493\Debug/LCD_CustChars.lst -g -D DEBUG -Wall -ffunction-sections -Og -ffat-lto-objects -c Generated_Source\PSoC5\LCD_CustChars.c -o .\CortexM3\ARM_GCC_493\Debug\LCD_CustChars.o
arm-none-eabi-gcc.exe -mcpu=cortex-m3 -mthumb -I. -IGenerated_Source\PSoC5 -Wa,-alh=.\CortexM3\ARM_GCC_493\Debug/LCD_LCDPort.lst -g -D DEBUG -Wall -ffunction-sections -Og -ffat-lto-objects -c Generated_Source\PSoC5\LCD_LCDPort.c -o .\CortexM3\ARM_GCC_493\Debug\LCD_LCDPort.o
arm-none-eabi-gcc.exe -mcpu=cortex-m3 -mthumb -I. -IGenerated_Source\PSoC5 -Wa,-alh=.\CortexM3\ARM_GCC_493\Debug/Cm3Start.lst -g -D DEBUG -Wall -ffunction-sections -Og -ffat-lto-objects -c Generated_Source\PSoC5\Cm3Start.c -o .\CortexM3\ARM_GCC_493\Debug\Cm3Start.o
arm-none-eabi-gcc.exe -mcpu=cortex-m3 -mthumb -I. -IGenerated_Source\PSoC5 -Wa,-alh=.\CortexM3\ARM_GCC_493\Debug/CyDmac.lst -g -D DEBUG -Wall -ffunction-sections -Og -ffat-lto-objects -c Generated_Source\PSoC5\CyDmac.c -o .\CortexM3\ARM_GCC_493\Debug\CyDmac.o
arm-none-eabi-gcc.exe -mcpu=cortex-m3 -mthumb -I. -IGenerated_Source\PSoC5 -Wa,-alh=.\CortexM3\ARM_GCC_493\Debug/CyFlash.lst -g -D DEBUG -Wall -ffunction-sections -Og -ffat-lto-objects -c Generated_Source\PSoC5\CyFlash.c -o .\CortexM3\ARM_GCC_493\Debug\CyFlash.o
arm-none-eabi-gcc.exe -mcpu=cortex-m3 -mthumb -I. -IGenerated_Source\PSoC5 -Wa,-alh=.\CortexM3\ARM_GCC_493\Debug/CyLib.lst -g -D DEBUG -Wall -ffunction-sections -Og -ffat-lto-objects -c Generated_Source\PSoC5\CyLib.c -o .\CortexM3\ARM_GCC_493\Debug\CyLib.o
arm-none-eabi-gcc.exe -mcpu=cortex-m3 -mthumb -I. -IGenerated_Source\PSoC5 -Wa,-alh=.\CortexM3\ARM_GCC_493\Debug/cyPm.lst -g -D DEBUG -Wall -ffunction-sections -Og -ffat-lto-objects -c Generated_Source\PSoC5\cyPm.c -o .\CortexM3\ARM_GCC_493\Debug\cyPm.o
arm-none-eabi-gcc.exe -mcpu=cortex-m3 -mthumb -I. -IGenerated_Source\PSoC5 -Wa,-alh=.\CortexM3\ARM_GCC_493\Debug/CySpc.lst -g -D DEBUG -Wall -ffunction-sections -Og -ffat-lto-objects -c Generated_Source\PSoC5\CySpc.c -o .\CortexM3\ARM_GCC_493\Debug\CySpc.o
arm-none-eabi-gcc.exe -mcpu=cortex-m3 -mthumb -I. -IGenerated_Source\PSoC5 -Wa,-alh=.\CortexM3\ARM_GCC_493\Debug/cyutils.lst -g -D DEBUG -Wall -ffunction-sections -Og -ffat-lto-objects -c Generated_Source\PSoC5\cyutils.c -o .\CortexM3\ARM_GCC_493\Debug\cyutils.o
arm-none-eabi-gcc.exe -mcpu=cortex-m3 -mthumb -I. -IGenerated_Source\PSoC5 -Wa,-alh=.\CortexM3\ARM_GCC_493\Debug/UART.lst -g -D DEBUG -Wall -ffunction-sections -Og -ffat-lto-objects -c Generated_Source\PSoC5\UART.c -o .\CortexM3\ARM_GCC_493\Debug\UART.o
arm-none-eabi-gcc.exe -mcpu=cortex-m3 -mthumb -I. -IGenerated_Source\PSoC5 -Wa,-alh=.\CortexM3\ARM_GCC_493\Debug/UART_PM.lst -g -D DEBUG -Wall -ffunction-sections -Og -ffat-lto-objects -c Generated_Source\PSoC5\UART_PM.c -o .\CortexM3\ARM_GCC_493\Debug\UART_PM.o
arm-none-eabi-gcc.exe -mcpu=cortex-m3 -mthumb -I. -IGenerated_Source\PSoC5 -Wa,-alh=.\CortexM3\ARM_GCC_493\Debug/UART_INT.lst -g -D DEBUG -Wall -ffunction-sections -Og -ffat-lto-objects -c Generated_Source\PSoC5\UART_INT.c -o .\CortexM3\ARM_GCC_493\Debug\UART_INT.o
arm-none-eabi-gcc.exe -mcpu=cortex-m3 -mthumb -I. -IGenerated_Source\PSoC5 -Wa,-alh=.\CortexM3\ARM_GCC_493\Debug/UART_BOOT.lst -g -D DEBUG -Wall -ffunction-sections -Og -ffat-lto-objects -c Generated_Source\PSoC5\UART_BOOT.c -o .\CortexM3\ARM_GCC_493\Debug\UART_BOOT.o
arm-none-eabi-gcc.exe -mcpu=cortex-m3 -mthumb -I. -IGenerated_Source\PSoC5 -Wa,-alh=.\CortexM3\ARM_GCC_493\Debug/isr_UART_Rx.lst -g -D DEBUG -Wall -ffunction-sections -Og -ffat-lto-objects -c Generated_Source\PSoC5\isr_UART_Rx.c -o .\CortexM3\ARM_GCC_493\Debug\isr_UART_Rx.o
arm-none-eabi-gcc.exe -mcpu=cortex-m3 -mthumb -I. -IGenerated_Source\PSoC5 -Wa,-alh=.\CortexM3\ARM_GCC_493\Debug/UART_IntClock.lst -g -D DEBUG -Wall -ffunction-sections -Og -ffat-lto-objects -c Generated_Source\PSoC5\UART_IntClock.c -o .\CortexM3\ARM_GCC_493\Debug\UART_IntClock.o
arm-none-eabi-gcc.exe -mcpu=cortex-m3 -mthumb -I. -IGenerated_Source\PSoC5 -Wa,-alh=.\CortexM3\ARM_GCC_493\Debug/EEPROM_PSoC.lst -g -D DEBUG -Wall -ffunction-sections -Og -ffat-lto-objects -c Generated_Source\PSoC5\EEPROM_PSoC.c -o .\CortexM3\ARM_GCC_493\Debug\EEPROM_PSoC.o
arm-none-eabi-gcc.exe -mcpu=cortex-m3 -mthumb -I. -IGenerated_Source\PSoC5 -Wa,-alh=.\CortexM3\ARM_GCC_493\Debug/Control_Reg_Step.lst -g -D DEBUG -Wall -ffunction-sections -Og -ffat-lto-objects -c Generated_Source\PSoC5\Control_Reg_Step.c -o .\CortexM3\ARM_GCC_493\Debug\Control_Reg_Step.o
arm-none-eabi-gcc.exe -mcpu=cortex-m3 -mthumb -I. -IGenerated_Source\PSoC5 -Wa,-alh=.\CortexM3\ARM_GCC_493\Debug/Control_Reg_Step_PM.lst -g -D DEBUG -Wall -ffunction-sections -Og -ffat-lto-objects -c Generated_Source\PSoC5\Control_Reg_Step_PM.c -o .\CortexM3\ARM_GCC_493\Debug\Control_Reg_Step_PM.o
arm-none-eabi-gcc.exe -mcpu=cortex-m3 -mthumb -I. -IGenerated_Source\PSoC5 -Wa,-alh=.\CortexM3\ARM_GCC_493\Debug/Clock_Step_Pulse.lst -g -D DEBUG -Wall -ffunction-sections -Og -ffat-lto-objects -c Generated_Source\PSoC5\Clock_Step_Pulse.c -o .\CortexM3\ARM_GCC_493\Debug\Clock_Step_Pulse.o
arm-none-eabi-gcc.exe -mcpu=cortex-m3 -mthumb -I. -IGenerated_Source\PSoC5 -Wa,-alh=.\CortexM3\ARM_GCC_493\Debug/Control_Reg_Dir.lst -g -D DEBUG -Wall -ffunction-sections -Og -ffat-lto-objects -c Generated_Source\PSoC5\Control_Reg_Dir.c -o .\CortexM3\ARM_GCC_493\Debug\Control_Reg_Dir.o
arm-none-eabi-gcc.exe -mcpu=cortex-m3 -mthumb -I. -IGenerated_Source\PSoC5 -Wa,-alh=.\CortexM3\ARM_GCC_493\Debug/Control_Reg_Dir_PM.lst -g -D DEBUG -Wall -ffunction-sections -Og -ffat-lto-objects -c Generated_Source\PSoC5\Control_Reg_Dir_PM.c -o .\CortexM3\ARM_GCC_493\Debug\Control_Reg_Dir_PM.o
arm-none-eabi-gcc.exe -mcpu=cortex-m3 -mthumb -I. -IGenerated_Source\PSoC5 -Wa,-alh=.\CortexM3\ARM_GCC_493\Debug/Stepper_Enable_Pin.lst -g -D DEBUG -Wall -ffunction-sections -Og -ffat-lto-objects -c Generated_Source\PSoC5\Stepper_Enable_Pin.c -o .\CortexM3\ARM_GCC_493\Debug\Stepper_Enable_Pin.o
arm-none-eabi-gcc.exe -mcpu=cortex-m3 -mthumb -I. -IGenerated_Source\PSoC5 -Wa,-alh=.\CortexM3\ARM_GCC_493\Debug/isr_Limits.lst -g -D DEBUG -Wall -ffunction-sections -Og -ffat-lto-objects -c Generated_Source\PSoC5\isr_Limits.c -o .\CortexM3\ARM_GCC_493\Debug\isr_Limits.o
arm-none-eabi-gcc.exe -mcpu=cortex-m3 -mthumb -I. -IGenerated_Source\PSoC5 -Wa,-alh=.\CortexM3\ARM_GCC_493\Debug/Probe_Pin.lst -g -D DEBUG -Wall -ffunction-sections -Og -ffat-lto-objects -c Generated_Source\PSoC5\Probe_Pin.c -o .\CortexM3\ARM_GCC_493\Debug\Probe_Pin.o
arm-none-eabi-gcc.exe -mcpu=cortex-m3 -mthumb -I. -IGenerated_Source\PSoC5 -Wa,-alh=.\CortexM3\ARM_GCC_493\Debug/Control_Pin.lst -g -D DEBUG -Wall -ffunction-sections -Og -ffat-lto-objects -c Generated_Source\PSoC5\Control_Pin.c -o .\CortexM3\ARM_GCC_493\Debug\Control_Pin.o
arm-none-eabi-gcc.exe -mcpu=cortex-m3 -mthumb -I. -IGenerated_Source\PSoC5 -Wa,-alh=.\CortexM3\ARM_GCC_493\Debug/isr_Control.lst -g -D DEBUG -Wall -ffunction-sections -Og -ffat-lto-objects -c Generated_Source\PSoC5\isr_Control.c -o .\CortexM3\ARM_GCC_493\Debug\isr_Control.o
arm-none-eabi-gcc.exe -mcpu=cortex-m3 -mthumb -I. -IGenerated_Source\PSoC5 -Wa,-alh=.\CortexM3\ARM_GCC_493\Debug/Status_Control.lst -g -D DEBUG -Wall -ffunction-sections -Og -ffat-lto-objects -c Generated_Source\PSoC5\Status_Control.c -o .\CortexM3\ARM_GCC_493\Debug\Status_Control.o
arm-none-eabi-gcc.exe -mcpu=cortex-m3 -mthumb -I. -IGenerated_Source\PSoC5 -Wa,-alh=.\CortexM3\ARM_GCC_493\Debug/Status_Limit.lst -g -D DEBUG -Wall -ffunction-sections -Og -ffat-lto-objects -c Generated_Source\PSoC5\Status_Limit.c -o .\CortexM3\ARM_GCC_493\Debug\Status_Limit.o
arm-none-eabi-gcc.exe -mcpu=cortex-m3 -mthumb -I. -IGenerated_Source\PSoC5 -Wa,-alh=.\CortexM3\ARM_GCC_493\Debug/Status_Probe.lst -g -D DEBUG -Wall -ffunction-sections -Og -ffat-lto-objects -c Generated_Source\PSoC5\Status_Probe.c -o .\CortexM3\ARM_GCC_493\Debug\Status_Probe.o
arm-none-eabi-gcc.exe -mcpu=cortex-m3 -mthumb -I. -IGenerated_Source\PSoC5 -Wa,-alh=.\CortexM3\ARM_GCC_493\Debug/isr_Probe.lst -g -D DEBUG -Wall -ffunction-sections -Og -ffat-lto-objects -c Generated_Source\PSoC5\isr_Probe.c -o .\CortexM3\ARM_GCC_493\Debug\isr_Probe.o
arm-none-eabi-gcc.exe -mcpu=cortex-m3 -mthumb -I. -IGenerated_Source\PSoC5 -Wa,-alh=.\CortexM3\ARM_GCC_493\Debug/Control_Step_Enable.lst -g -D DEBUG -Wall -ffunction-sections -Og -ffat-lto-objects -c Generated_Source\PSoC5\Control_Step_Enable.c -o .\CortexM3\ARM_GCC_493\Debug\Control_Step_Enable.o
arm-none-eabi-gcc.exe -mcpu=cortex-m3 -mthumb -I. -IGenerated_Source\PSoC5 -Wa,-alh=.\CortexM3\ARM_GCC_493\Debug/Control_Step_Enable_PM.lst -g -D DEBUG -Wall -ffunction-sections -Og -ffat-lto-objects -c Generated_Source\PSoC5\Control_Step_Enable_PM.c -o .\CortexM3\ARM_GCC_493\Debug\Control_Step_Enable_PM.o
arm-none-eabi-gcc.exe -mcpu=cortex-m3 -mthumb -I. -IGenerated_Source\PSoC5 -Wa,-alh=.\CortexM3\ARM_GCC_493\Debug/Pin_Step_X.lst -g -D DEBUG -Wall -ffunction-sections -Og -ffat-lto-objects -c Generated_Source\PSoC5\Pin_Step_X.c -o .\CortexM3\ARM_GCC_493\Debug\Pin_Step_X.o
arm-none-eabi-gcc.exe -mcpu=cortex-m3 -mthumb -I. -IGenerated_Source\PSoC5 -Wa,-alh=.\CortexM3\ARM_GCC_493\Debug/Pin_Step_Y.lst -g -D DEBUG -Wall -ffunction-sections -Og -ffat-lto-objects -c Generated_Source\PSoC5\Pin_Step_Y.c -o .\CortexM3\ARM_GCC_493\Debug\Pin_Step_Y.o
arm-none-eabi-gcc.exe -mcpu=cortex-m3 -mthumb -I. -IGenerated_Source\PSoC5 -Wa,-alh=.\CortexM3\ARM_GCC_493\Debug/Pin_Step_Z.lst -g -D DEBUG -Wall -ffunction-sections -Og -ffat-lto-objects -c Generated_Source\PSoC5\Pin_Step_Z.c -o .\CortexM3\ARM_GCC_493\Debug\Pin_Step_Z.o
arm-none-eabi-gcc.exe -mcpu=cortex-m3 -mthumb -I. -IGenerated_Source\PSoC5 -Wa,-alh=.\CortexM3\ARM_GCC_493\Debug/Pin_Dir_X.lst -g -D DEBUG -Wall -ffunction-sections -Og -ffat-lto-objects -c Generated_Source\PSoC5\Pin_Dir_X.c -o .\CortexM3\ARM_GCC_493\Debug\Pin_Dir_X.o
arm-none-eabi-gcc.exe -mcpu=cortex-m3 -mthumb -I. -IGenerated_Source\PSoC5 -Wa,-alh=.\CortexM3\ARM_GCC_493\Debug/Pin_Dir_Y.lst -g -D DEBUG -Wall -ffunction-sections -Og -ffat-lto-objects -c Generated_Source\PSoC5\Pin_Dir_Y.c -o .\CortexM3\ARM_GCC_493\Debug\Pin_Dir_Y.o
arm-none-eabi-gcc.exe -mcpu=cortex-m3 -mthumb -I. -IGenerated_Source\PSoC5 -Wa,-alh=.\CortexM3\ARM_GCC_493\Debug/Pin_Dir_Z.lst -g -D DEBUG -Wall -ffunction-sections -Og -ffat-lto-objects -c Generated_Source\PSoC5\Pin_Dir_Z.c -o .\CortexM3\ARM_GCC_493\Debug\Pin_Dir_Z.o
arm-none-eabi-gcc.exe -mcpu=cortex-m3 -mthumb -I. -IGenerated_Source\PSoC5 -Wa,-alh=.\CortexM3\ARM_GCC_493\Debug/PWM_Spindle.lst -g -D DEBUG -Wall -ffunction-sections -Og -ffat-lto-objects -c Generated_Source\PSoC5\PWM_Spindle.c -o .\CortexM3\ARM_GCC_493\Debug\PWM_Spindle.o
arm-none-eabi-gcc.exe -mcpu=cortex-m3 -mthumb -I. -IGenerated_Source\PSoC5 -Wa,-alh=.\CortexM3\ARM_GCC_493\Debug/PWM_Spindle_PM.lst -g -D DEBUG -Wall -ffunction-sections -Og -ffat-lto-objects -c Generated_Source\PSoC5\PWM_Spindle_PM.c -o .\CortexM3\ARM_GCC_493\Debug\PWM_Spindle_PM.o
arm-none-eabi-gcc.exe -mcpu=cortex-m3 -mthumb -I. -IGenerated_Source\PSoC5 -Wa,-alh=.\CortexM3\ARM_GCC_493\Debug/Clock_1.lst -g -D DEBUG -Wall -ffunction-sections -Og -ffat-lto-objects -c Generated_Source\PSoC5\Clock_1.c -o .\CortexM3\ARM_GCC_493\Debug\Clock_1.o
arm-none-eabi-gcc.exe -mcpu=cortex-m3 -mthumb -I. -IGenerated_Source\PSoC5 -Wa,-alh=.\CortexM3\ARM_GCC_493\Debug/Pin_Spindle.lst -g -D DEBUG -Wall -ffunction-sections -Og -ffat-lto-objects -c Generated_Source\PSoC5\Pin_Spindle.c -o .\CortexM3\ARM_GCC_493\Debug\Pin_Spindle.o
arm-none-eabi-gcc.exe -mcpu=cortex-m3 -mthumb -I. -IGenerated_Source\PSoC5 -Wa,-alh=.\CortexM3\ARM_GCC_493\Debug/Pin_Spindle_Direction.lst -g -D DEBUG -Wall -ffunction-sections -Og -ffat-lto-objects -c Generated_Source\PSoC5\Pin_Spindle_Direction.c -o .\CortexM3\ARM_GCC_493\Debug\Pin_Spindle_Direction.o
arm-none-eabi-gcc.exe -mcpu=cortex-m3 -mthumb -I. -IGenerated_Source\PSoC5 -Wa,-alh=.\CortexM3\ARM_GCC_493\Debug/Pin_Spindle_Enable.lst -g -D DEBUG -Wall -ffunction-sections -Og -ffat-lto-objects -c Generated_Source\PSoC5\Pin_Spindle_Enable.c -o .\CortexM3\ARM_GCC_493\Debug\Pin_Spindle_Enable.o
arm-none-eabi-gcc.exe -mcpu=cortex-m3 -mthumb -I. -IGenerated_Source\PSoC5 -Wa,-alh=.\CortexM3\ARM_GCC_493\Debug/Stepper_Timer.lst -g -D DEBUG -Wall -ffunction-sections -Og -ffat-lto-objects -c Generated_Source\PSoC5\Stepper_Timer.c -o .\CortexM3\ARM_GCC_493\Debug\Stepper_Timer.o
arm-none-eabi-gcc.exe -mcpu=cortex-m3 -mthumb -I. -IGenerated_Source\PSoC5 -Wa,-alh=.\CortexM3\ARM_GCC_493\Debug/Stepper_Timer_PM.lst -g -D DEBUG -Wall -ffunction-sections -Og -ffat-lto-objects -c Generated_Source\PSoC5\Stepper_Timer_PM.c -o .\CortexM3\ARM_GCC_493\Debug\Stepper_Timer_PM.o
arm-none-eabi-gcc.exe -mcpu=cortex-m3 -mthumb -I. -IGenerated_Source\PSoC5 -Wa,-alh=.\CortexM3\ARM_GCC_493\Debug/isr_Step.lst -g -D DEBUG -Wall -ffunction-sections -Og -ffat-lto-objects -c Generated_Source\PSoC5\isr_Step.c -o .\CortexM3\ARM_GCC_493\Debug\isr_Step.o
arm-none-eabi-gcc.exe -mcpu=cortex-m3 -mthumb -I. -IGenerated_Source\PSoC5 -Wa,-alh=.\CortexM3\ARM_GCC_493\Debug/Clock_LCD_Update.lst -g -D DEBUG -Wall -ffunction-sections -Og -ffat-lto-objects -c Generated_Source\PSoC5\Clock_LCD_Update.c -o .\CortexM3\ARM_GCC_493\Debug\Clock_LCD_Update.o
arm-none-eabi-gcc.exe -mcpu=cortex-m3 -mthumb -I. -IGenerated_Source\PSoC5 -Wa,-alh=.\CortexM3\ARM_GCC_493\Debug/isr_LCD_Update.lst -g -D DEBUG -Wall -ffunction-sections -Og -ffat-lto-objects -c Generated_Source\PSoC5\isr_LCD_Update.c -o .\CortexM3\ARM_GCC_493\Debug\isr_LCD_Update.o
arm-none-eabi-gcc.exe -mcpu=cortex-m3 -mthumb -I. -IGenerated_Source\PSoC5 -Wa,-alh=.\CortexM3\ARM_GCC_493\Debug/Flood_Coolant_Pin.lst -g -D DEBUG -Wall -ffunction-sections -Og -ffat-lto-objects -c Generated_Source\PSoC5\Flood_Coolant_Pin.c -o .\CortexM3\ARM_GCC_493\Debug\Flood_Coolant_Pin.o
arm-none-eabi-gcc.exe -mcpu=cortex-m3 -mthumb -I. -IGenerated_Source\PSoC5 -Wa,-alh=.\CortexM3\ARM_GCC_493\Debug/Mist_Coolant_Pin.lst -g -D DEBUG -Wall -ffunction-sections -Og -ffat-lto-objects -c Generated_Source\PSoC5\Mist_Coolant_Pin.c -o .\CortexM3\ARM_GCC_493\Debug\Mist_Coolant_Pin.o
arm-none-eabi-gcc.exe -mcpu=cortex-m3 -mthumb -I. -IGenerated_Source\PSoC5 -Wa,-alh=.\CortexM3\ARM_GCC_493\Debug/QuadDec.lst -g -D DEBUG -Wall -ffunction-sections -Og -ffat-lto-objects -c Generated_Source\PSoC5\QuadDec.c -o .\CortexM3\ARM_GCC_493\Debug\QuadDec.o
arm-none-eabi-gcc.exe -mcpu=cortex-m3 -mthumb -I. -IGenerated_Source\PSoC5 -Wa,-alh=.\CortexM3\ARM_GCC_493\Debug/QuadDec_PM.lst -g -D DEBUG -Wall -ffunction-sections -Og -ffat-lto-objects -c Generated_Source\PSoC5\QuadDec_PM.c -o .\CortexM3\ARM_GCC_493\Debug\QuadDec_PM.o
arm-none-eabi-gcc.exe -mcpu=cortex-m3 -mthumb -I. -IGenerated_Source\PSoC5 -Wa,-alh=.\CortexM3\ARM_GCC_493\Debug/Pin_Quad_A.lst -g -D DEBUG -Wall -ffunction-sections -Og -ffat-lto-objects -c Generated_Source\PSoC5\Pin_Quad_A.c -o .\CortexM3\ARM_GCC_493\Debug\Pin_Quad_A.o
arm-none-eabi-gcc.exe -mcpu=cortex-m3 -mthumb -I. -IGenerated_Source\PSoC5 -Wa,-alh=.\CortexM3\ARM_GCC_493\Debug/Pin_Quad_B.lst -g -D DEBUG -Wall -ffunction-sections -Og -ffat-lto-objects -c Generated_Source\PSoC5\Pin_Quad_B.c -o .\CortexM3\ARM_GCC_493\Debug\Pin_Quad_B.o
arm-none-eabi-gcc.exe -mcpu=cortex-m3 -mthumb -I. -IGenerated_Source\PSoC5 -Wa,-alh=.\CortexM3\ARM_GCC_493\Debug/QuadDec_Cnt16.lst -g -D DEBUG -Wall -ffunction-sections -Og -ffat-lto-objects -c Generated_Source\PSoC5\QuadDec_Cnt16.c -o .\CortexM3\ARM_GCC_493\Debug\QuadDec_Cnt16.o
arm-none-eabi-gcc.exe -mcpu=cortex-m3 -mthumb -I. -IGenerated_Source\PSoC5 -Wa,-alh=.\CortexM3\ARM_GCC_493\Debug/QuadDec_Cnt16_PM.lst -g -D DEBUG -Wall -ffunction-sections -Og -ffat-lto-objects -c Generated_Source\PSoC5\QuadDec_Cnt16_PM.c -o .\CortexM3\ARM_GCC_493\Debug\QuadDec_Cnt16_PM.o
arm-none-eabi-gcc.exe -mcpu=cortex-m3 -mthumb -I. -IGenerated_Source\PSoC5 -Wa,-alh=.\CortexM3\ARM_GCC_493\Debug/Pin_Encoder_Sw.lst -g -D DEBUG -Wall -ffunction-sections -Og -ffat-lto-objects -c Generated_Source\PSoC5\Pin_Encoder_Sw.c -o .\CortexM3\ARM_GCC_493\Debug\Pin_Encoder_Sw.o
arm-none-eabi-gcc.exe -mcpu=cortex-m3 -mthumb -I. -IGenerated_Source\PSoC5 -Wa,-alh=.\CortexM3\ARM_GCC_493\Debug/Clock_Sw_DB.lst -g -D DEBUG -Wall -ffunction-sections -Og -ffat-lto-objects -c Generated_Source\PSoC5\Clock_Sw_DB.c -o .\CortexM3\ARM_GCC_493\Debug\Clock_Sw_DB.o
arm-none-eabi-gcc.exe -mcpu=cortex-m3 -mthumb -I. -IGenerated_Source\PSoC5 -Wa,-alh=.\CortexM3\ARM_GCC_493\Debug/isr_Enc_Sw.lst -g -D DEBUG -Wall -ffunction-sections -Og -ffat-lto-objects -c Generated_Source\PSoC5\isr_Enc_Sw.c -o .\CortexM3\ARM_GCC_493\Debug\isr_Enc_Sw.o
arm-none-eabi-gcc.exe -mcpu=cortex-m3 -mthumb -I. -IGenerated_Source\PSoC5 -Wa,-alh=.\CortexM3\ARM_GCC_493\Debug/Pin_X_Lim.lst -g -D DEBUG -Wall -ffunction-sections -Og -ffat-lto-objects -c Generated_Source\PSoC5\Pin_X_Lim.c -o .\CortexM3\ARM_GCC_493\Debug\Pin_X_Lim.o
arm-none-eabi-gcc.exe -mcpu=cortex-m3 -mthumb -I. -IGenerated_Source\PSoC5 -Wa,-alh=.\CortexM3\ARM_GCC_493\Debug/Pin_Y_Lim.lst -g -D DEBUG -Wall -ffunction-sections -Og -ffat-lto-objects -c Generated_Source\PSoC5\Pin_Y_Lim.c -o .\CortexM3\ARM_GCC_493\Debug\Pin_Y_Lim.o
arm-none-eabi-gcc.exe -mcpu=cortex-m3 -mthumb -I. -IGenerated_Source\PSoC5 -Wa,-alh=.\CortexM3\ARM_GCC_493\Debug/Pin_Z_Lim.lst -g -D DEBUG -Wall -ffunction-sections -Og -ffat-lto-objects -c Generated_Source\PSoC5\Pin_Z_Lim.c -o .\CortexM3\ARM_GCC_493\Debug\Pin_Z_Lim.o
arm-none-eabi-gcc.exe -mcpu=cortex-m3 -mthumb -I. -IGenerated_Source\PSoC5 -Wa,-alh=.\CortexM3\ARM_GCC_493\Debug/Clock_Lim_DB.lst -g -D DEBUG -Wall -ffunction-sections -Og -ffat-lto-objects -c Generated_Source\PSoC5\Clock_Lim_DB.c -o .\CortexM3\ARM_GCC_493\Debug\Clock_Lim_DB.o
arm-none-eabi-as.exe -mcpu=cortex-m3 -mthumb -I. -IGenerated_Source\PSoC5 -alh=.\CortexM3\ARM_GCC_493\Debug/CyBootAsmGnu.lst -g -W -o .\CortexM3\ARM_GCC_493\Debug\CyBootAsmGnu.o Generated_Source\PSoC5\CyBootAsmGnu.s
arm-none-eabi-ar.exe -rs .\CortexM3\ARM_GCC_493\Debug\PSoC_Grbl.a .\CortexM3\ARM_GCC_493\Debug\cyfitter_cfg.o .\CortexM3\ARM_GCC_493\Debug\LCD.o .\CortexM3\ARM_GCC_493\Debug\LCD_PM.o .\CortexM3\ARM_GCC_493\Debug\LCD_CustChars.o .\CortexM3\ARM_GCC_493\Debug\LCD_LCDPort.o .\CortexM3\ARM_GCC_493\Debug\CyDmac.o .\CortexM3\ARM_GCC_493\Debug\CyFlash.o .\CortexM3\ARM_GCC_493\Debug\CyLib.o .\CortexM3\ARM_GCC_493\Debug\cyPm.o .\CortexM3\ARM_GCC_493\Debug\CySpc.o .\CortexM3\ARM_GCC_493\Debug\cyutils.o .\CortexM3\ARM_GCC_493\Debug\UART.o .\CortexM3\ARM_GCC_493\Debug\UART_PM.o .\CortexM3\ARM_GCC_493\Debug\UART_INT.o .\CortexM3\ARM_GCC_493\Debug\UART_BOOT.o .\CortexM3\ARM_GCC_493\Debug\isr_UART_Rx.o .\CortexM3\ARM_GCC_493\Debug\UART_IntClock.o .\CortexM3\ARM_GCC_493\Debug\EEPROM_PSoC.o .\CortexM3\ARM_GCC_493\Debug\Control_Reg_Step.o .\CortexM3\ARM_GCC_493\Debug\Control_Reg_Step_PM.o .\CortexM3\ARM_GCC_493\Debug\Clock_Step_Pulse.o .\CortexM3\ARM_GCC_493\Debug\Control_Reg_Dir.o .\CortexM3\ARM_GCC_493\Debug\Control_Reg_Dir_PM.o .\CortexM3\ARM_GCC_493\Debug\Stepper_Enable_Pin.o .\CortexM3\ARM_GCC_493\Debug\isr_Limits.o .\CortexM3\ARM_GCC_493\Debug\Probe_Pin.o .\CortexM3\ARM_GCC_493\Debug\Control_Pin.o .\CortexM3\ARM_GCC_493\Debug\isr_Control.o .\CortexM3\ARM_GCC_493\Debug\Status_Control.o .\CortexM3\ARM_GCC_493\Debug\Status_Limit.o .\CortexM3\ARM_GCC_493\Debug\Status_Probe.o .\CortexM3\ARM_GCC_493\Debug\isr_Probe.o .\CortexM3\ARM_GCC_493\Debug\Control_Step_Enable.o .\CortexM3\ARM_GCC_493\Debug\Control_Step_Enable_PM.o .\CortexM3\ARM_GCC_493\Debug\Pin_Step_X.o .\CortexM3\ARM_GCC_493\Debug\Pin_Step_Y.o .\CortexM3\ARM_GCC_493\Debug\Pin_Step_Z.o .\CortexM3\ARM_GCC_493\Debug\Pin_Dir_X.o .\CortexM3\ARM_GCC_493\Debug\Pin_Dir_Y.o .\CortexM3\ARM_GCC_493\Debug\Pin_Dir_Z.o .\CortexM3\ARM_GCC_493\Debug\PWM_Spindle.o .\CortexM3\ARM_GCC_493\Debug\PWM_Spindle_PM.o .\CortexM3\ARM_GCC_493\Debug\Clock_1.o .\CortexM3\ARM_GCC_493\Debug\Pin_Spindle.o .\CortexM3\ARM_GCC_493\Debug\Pin_Spindle_Direction.o .\CortexM3\ARM_GCC_493\Debug\Pin_Spindle_Enable.o .\CortexM3\ARM_GCC_493\Debug\Stepper_Timer.o .\CortexM3\ARM_GCC_493\Debug\Stepper_Timer_PM.o .\CortexM3\ARM_GCC_493\Debug\isr_Step.o .\CortexM3\ARM_GCC_493\Debug\Clock_LCD_Update.o .\CortexM3\ARM_GCC_493\Debug\isr_LCD_Update.o .\CortexM3\ARM_GCC_493\Debug\Flood_Coolant_Pin.o .\CortexM3\ARM_GCC_493\Debug\Mist_Coolant_Pin.o .\CortexM3\ARM_GCC_493\Debug\QuadDec.o .\CortexM3\ARM_GCC_493\Debug\QuadDec_PM.o .\CortexM3\ARM_GCC_493\Debug\Pin_Quad_A.o .\CortexM3\ARM_GCC_493\Debug\Pin_Quad_B.o .\CortexM3\ARM_GCC_493\Debug\QuadDec_Cnt16.o .\CortexM3\ARM_GCC_493\Debug\QuadDec_Cnt16_PM.o .\CortexM3\ARM_GCC_493\Debug\Pin_Encoder_Sw.o .\CortexM3\ARM_GCC_493\Debug\Clock_Sw_DB.o .\CortexM3\ARM_GCC_493\Debug\isr_Enc_Sw.o .\CortexM3\ARM_GCC_493\Debug\Pin_X_Lim.o .\CortexM3\ARM_GCC_493\Debug\Pin_Y_Lim.o .\CortexM3\ARM_GCC_493\Debug\Pin_Z_Lim.o .\CortexM3\ARM_GCC_493\Debug\Clock_Lim_DB.o .\CortexM3\ARM_GCC_493\Debug\CyBootAsmGnu.o
arm-none-eabi-ar.exe: creating .\CortexM3\ARM_GCC_493\Debug\PSoC_Grbl.a
arm-none-eabi-gcc.exe -Wl,--start-group -o .\CortexM3\ARM_GCC_493\Debug\PSoC_Grbl.elf .\CortexM3\ARM_GCC_493\Debug\main.o .\CortexM3\ARM_GCC_493\Debug\lcd_report.o .\CortexM3\ARM_GCC_493\Debug\serial.o .\CortexM3\ARM_GCC_493\Debug\report.o .\CortexM3\ARM_GCC_493\Debug\settings.o .\CortexM3\ARM_GCC_493\Debug\eeprom.o .\CortexM3\ARM_GCC_493\Debug\coolant_control.o .\CortexM3\ARM_GCC_493\Debug\gcode.o .\CortexM3\ARM_GCC_493\Debug\limits.o .\CortexM3\ARM_GCC_493\Debug\nut_bolts.o .\CortexM3\ARM_GCC_493\Debug\planner.o .\CortexM3\ARM_GCC_493\Debug\print.o .\CortexM3\ARM_GCC_493\Debug\probe.o .\CortexM3\ARM_GCC_493\Debug\protocol.o .\CortexM3\ARM_GCC_493\Debug\spindle_control.o .\CortexM3\ARM_GCC_493\Debug\stepper.o .\CortexM3\ARM_GCC_493\Debug\system.o .\CortexM3\ARM_GCC_493\Debug\motion_control.o .\CortexM3\ARM_GCC_493\Debug\jog.o .\CortexM3\ARM_GCC_493\Debug\cymetadata.o .\CortexM3\ARM_GCC_493\Debug\Cm3Start.o .\CortexM3\ARM_GCC_493\Debug\PSoC_Grbl.a "D:\Program Files (x86)\Cypress\PSoC Creator\4.0\PSoC Creator\psoc\content\cycomponentlibrary\CyComponentLibrary.cylib\CortexM3\ARM_GCC_493\Debug\CyComponentLibrary.a" -mcpu=cortex-m3 -mthumb -g -ffunction-sections -Og -ffat-lto-objects -l m -L Generated_Source\PSoC5 -Wl,-Map,.\CortexM3\ARM_GCC_493\Debug/PSoC_Grbl.map -T C:\Users\Bart\Dropbox\PSoC\PSoC_Grbl\PSoC_Grbl.cydsn\Generated_Source\PSoC5\cm3gcc.ld -specs=nano.specs -u _printf_float -Wl,--gc-sections -Wl,--end-group
cyelftool.exe -C C:\Users\Bart\Dropbox\PSoC\PSoC_Grbl\PSoC_Grbl.cydsn\CortexM3\ARM_GCC_493\Debug\PSoC_Grbl.elf --flash_row_size 256 --flash_size 262144
cyelftool.exe -S C:\Users\Bart\Dropbox\PSoC\PSoC_Grbl\PSoC_Grbl.cydsn\CortexM3\ARM_GCC_493\Debug\PSoC_Grbl.elf
Flash used: 52034 of 262144 bytes (19.8 %).
SRAM used: 4973 of 65536 bytes (7.6 %). Stack: 2048 bytes. Heap: 512 bytes.
--------------- Build Succeeded: 03/22/2017 18:19:36 ---------------
