--------------- Clean Started: 08/14/2016 10:08:38 Project: grbl_lcd, Configuration: ARM GCC 4.9-2015-q1-update Debug ---------------
Deleting file ".\CortexM3\ARM_GCC_493\Debug\main.o"
Deleting file ".\CortexM3\ARM_GCC_493\Debug\lcd_report.o"
Deleting file ".\CortexM3\ARM_GCC_493\Debug\serial.o"
Deleting file ".\CortexM3\ARM_GCC_493\Debug\report.o"
Deleting file ".\CortexM3\ARM_GCC_493\Debug\settings.o"
Deleting file ".\CortexM3\ARM_GCC_493\Debug\eeprom.o"
Deleting file ".\CortexM3\ARM_GCC_493\Debug\coolant_control.o"
Deleting file ".\CortexM3\ARM_GCC_493\Debug\gcode.o"
Deleting file ".\CortexM3\ARM_GCC_493\Debug\limits.o"
Deleting file ".\CortexM3\ARM_GCC_493\Debug\nut_bolts.o"
Deleting file ".\CortexM3\ARM_GCC_493\Debug\planner.o"
Deleting file ".\CortexM3\ARM_GCC_493\Debug\print.o"
Deleting file ".\CortexM3\ARM_GCC_493\Debug\probe.o"
Deleting file ".\CortexM3\ARM_GCC_493\Debug\protocol.o"
Deleting file ".\CortexM3\ARM_GCC_493\Debug\spindle_control.o"
Deleting file ".\CortexM3\ARM_GCC_493\Debug\stepper.o"
Deleting file ".\CortexM3\ARM_GCC_493\Debug\system.o"
Deleting file ".\CortexM3\ARM_GCC_493\Debug\motion_control.o"
Deleting file ".\CortexM3\ARM_GCC_493\Debug\cyfitter_cfg.o"
Deleting file ".\CortexM3\ARM_GCC_493\Debug\cymetadata.o"
Deleting file ".\CortexM3\ARM_GCC_493\Debug\LCD_BarGraph.o"
Deleting file ".\CortexM3\ARM_GCC_493\Debug\LCD.o"
Deleting file ".\CortexM3\ARM_GCC_493\Debug\LCD_PM.o"
Deleting file ".\CortexM3\ARM_GCC_493\Debug\LCD_LCDPort.o"
Deleting file ".\CortexM3\ARM_GCC_493\Debug\Cm3Start.o"
Deleting file ".\CortexM3\ARM_GCC_493\Debug\CyBootAsmGnu.o"
Deleting file ".\CortexM3\ARM_GCC_493\Debug\CyDmac.o"
Deleting file ".\CortexM3\ARM_GCC_493\Debug\CyFlash.o"
Deleting file ".\CortexM3\ARM_GCC_493\Debug\CyLib.o"
Deleting file ".\CortexM3\ARM_GCC_493\Debug\cyPm.o"
Deleting file ".\CortexM3\ARM_GCC_493\Debug\CySpc.o"
Deleting file ".\CortexM3\ARM_GCC_493\Debug\cyutils.o"
Deleting file ".\CortexM3\ARM_GCC_493\Debug\UART.o"
Deleting file ".\CortexM3\ARM_GCC_493\Debug\UART_PM.o"
Deleting file ".\CortexM3\ARM_GCC_493\Debug\UART_INT.o"
Deleting file ".\CortexM3\ARM_GCC_493\Debug\UART_BOOT.o"
Deleting file ".\CortexM3\ARM_GCC_493\Debug\isr_UART_Rx.o"
Deleting file ".\CortexM3\ARM_GCC_493\Debug\UART_IntClock.o"
Deleting file ".\CortexM3\ARM_GCC_493\Debug\EEPROM_PSoC.o"
Deleting file ".\CortexM3\ARM_GCC_493\Debug\Control_Reg_Step.o"
Deleting file ".\CortexM3\ARM_GCC_493\Debug\Control_Reg_Step_PM.o"
Deleting file ".\CortexM3\ARM_GCC_493\Debug\Clock_Step_Pulse.o"
Deleting file ".\CortexM3\ARM_GCC_493\Debug\Control_Reg_Dir.o"
Deleting file ".\CortexM3\ARM_GCC_493\Debug\Control_Reg_Dir_PM.o"
Deleting file ".\CortexM3\ARM_GCC_493\Debug\Stepper_Enable_Pin.o"
Deleting file ".\CortexM3\ARM_GCC_493\Debug\Limit_Pin.o"
Deleting file ".\CortexM3\ARM_GCC_493\Debug\isr_Limits.o"
Deleting file ".\CortexM3\ARM_GCC_493\Debug\Probe_Pin.o"
Deleting file ".\CortexM3\ARM_GCC_493\Debug\Control_Pin.o"
Deleting file ".\CortexM3\ARM_GCC_493\Debug\isr_Control.o"
Deleting file ".\CortexM3\ARM_GCC_493\Debug\Status_Control.o"
Deleting file ".\CortexM3\ARM_GCC_493\Debug\Status_Limit.o"
Deleting file ".\CortexM3\ARM_GCC_493\Debug\Status_Probe.o"
Deleting file ".\CortexM3\ARM_GCC_493\Debug\isr_Probe.o"
Deleting file ".\CortexM3\ARM_GCC_493\Debug\Control_Step_Enable.o"
Deleting file ".\CortexM3\ARM_GCC_493\Debug\Control_Step_Enable_PM.o"
Deleting file ".\CortexM3\ARM_GCC_493\Debug\Pin_Step_X.o"
Deleting file ".\CortexM3\ARM_GCC_493\Debug\Pin_Step_Y.o"
Deleting file ".\CortexM3\ARM_GCC_493\Debug\Pin_Step_Z.o"
Deleting file ".\CortexM3\ARM_GCC_493\Debug\Pin_Dir_X.o"
Deleting file ".\CortexM3\ARM_GCC_493\Debug\Pin_Dir_Y.o"
Deleting file ".\CortexM3\ARM_GCC_493\Debug\Pin_Dir_Z.o"
Deleting file ".\CortexM3\ARM_GCC_493\Debug\PWM_Spindle.o"
Deleting file ".\CortexM3\ARM_GCC_493\Debug\PWM_Spindle_PM.o"
Deleting file ".\CortexM3\ARM_GCC_493\Debug\Clock_1.o"
Deleting file ".\CortexM3\ARM_GCC_493\Debug\Pin_Spindle.o"
Deleting file ".\CortexM3\ARM_GCC_493\Debug\Pin_Spindle_Direction.o"
Deleting file ".\CortexM3\ARM_GCC_493\Debug\Pin_Spindle_Enable.o"
Deleting file ".\CortexM3\ARM_GCC_493\Debug\Stepper_Timer.o"
Deleting file ".\CortexM3\ARM_GCC_493\Debug\Stepper_Timer_PM.o"
Deleting file ".\CortexM3\ARM_GCC_493\Debug\Stepper_Clock.o"
Deleting file ".\CortexM3\ARM_GCC_493\Debug\isr_Step.o"
Deleting file ".\CortexM3\ARM_GCC_493\Debug\Clock_LCD_Update.o"
Deleting file ".\CortexM3\ARM_GCC_493\Debug\isr_LCD_Update.o"
Deleting file ".\CortexM3\ARM_GCC_493\Debug\Flood_Coolant_Pin.o"
Deleting file ".\CortexM3\ARM_GCC_493\Debug\Mist_Coolant_Pin.o"
Deleting file ".\CortexM3\ARM_GCC_493\Debug\grbl_lcd.hex"
Deleting file ".\CortexM3\ARM_GCC_493\Debug\grbl_lcd.map"
Deleting file ".\grbl_lcd.cycdx"
Deleting file ".\grbl_lcd.svd"
Deleting file ".\grbl_lcd.rpt"
Deleting file ".\grbl_lcd_timing.html"
Deleting file ".\CortexM3\ARM_GCC_493\Debug\.deps\C_FILE.P"
Deleting file ".\CortexM3\ARM_GCC_493\Debug\.deps\ARM_C_FILE.P"
Deleting file ".\CortexM3\ARM_GCC_493\Debug\.deps\GNU_ARM_ASM_FILE.P"
--------------- Clean Succeeded: 08/14/2016 10:08:38 ---------------
