ARM GAS  C:\Users\Bart\AppData\Local\Temp\ccNI6SKX.s 			page 1


   1              		.syntax unified
   2              		.cpu cortex-m3
   3              		.fpu softvfp
   4              		.eabi_attribute 20, 1
   5              		.eabi_attribute 21, 1
   6              		.eabi_attribute 23, 3
   7              		.eabi_attribute 24, 1
   8              		.eabi_attribute 25, 1
   9              		.eabi_attribute 26, 1
  10              		.eabi_attribute 30, 1
  11              		.eabi_attribute 34, 1
  12              		.eabi_attribute 18, 4
  13              		.thumb
  14              		.file	"LCD_LCDPort.c"
  15              		.text
  16              	.Ltext0:
  17              		.cfi_sections	.debug_frame
  18              		.section	.text.LCD_LCDPort_Write,"ax",%progbits
  19              		.align	2
  20              		.global	LCD_LCDPort_Write
  21              		.thumb
  22              		.thumb_func
  23              		.type	LCD_LCDPort_Write, %function
  24              	LCD_LCDPort_Write:
  25              	.LFB0:
  26              		.file 1 "Generated_Source\\PSoC5\\LCD_LCDPort.c"
   1:Generated_Source\PSoC5/LCD_LCDPort.c **** /*******************************************************************************
   2:Generated_Source\PSoC5/LCD_LCDPort.c **** * File Name: LCD_LCDPort.c  
   3:Generated_Source\PSoC5/LCD_LCDPort.c **** * Version 2.20
   4:Generated_Source\PSoC5/LCD_LCDPort.c **** *
   5:Generated_Source\PSoC5/LCD_LCDPort.c **** * Description:
   6:Generated_Source\PSoC5/LCD_LCDPort.c **** *  This file contains API to enable firmware control of a Pins component.
   7:Generated_Source\PSoC5/LCD_LCDPort.c **** *
   8:Generated_Source\PSoC5/LCD_LCDPort.c **** * Note:
   9:Generated_Source\PSoC5/LCD_LCDPort.c **** *
  10:Generated_Source\PSoC5/LCD_LCDPort.c **** ********************************************************************************
  11:Generated_Source\PSoC5/LCD_LCDPort.c **** * Copyright 2008-2015, Cypress Semiconductor Corporation.  All rights reserved.
  12:Generated_Source\PSoC5/LCD_LCDPort.c **** * You may use this file only in accordance with the license, terms, conditions, 
  13:Generated_Source\PSoC5/LCD_LCDPort.c **** * disclaimers, and limitations in the end user license agreement accompanying 
  14:Generated_Source\PSoC5/LCD_LCDPort.c **** * the software package with which this file was provided.
  15:Generated_Source\PSoC5/LCD_LCDPort.c **** *******************************************************************************/
  16:Generated_Source\PSoC5/LCD_LCDPort.c **** 
  17:Generated_Source\PSoC5/LCD_LCDPort.c **** #include "cytypes.h"
  18:Generated_Source\PSoC5/LCD_LCDPort.c **** #include "LCD_LCDPort.h"
  19:Generated_Source\PSoC5/LCD_LCDPort.c **** 
  20:Generated_Source\PSoC5/LCD_LCDPort.c **** /* APIs are not generated for P15[7:6] on PSoC 5 */
  21:Generated_Source\PSoC5/LCD_LCDPort.c **** #if !(CY_PSOC5A &&\
  22:Generated_Source\PSoC5/LCD_LCDPort.c **** 	 LCD_LCDPort__PORT == 15 && ((LCD_LCDPort__MASK & 0xC0) != 0))
  23:Generated_Source\PSoC5/LCD_LCDPort.c **** 
  24:Generated_Source\PSoC5/LCD_LCDPort.c **** 
  25:Generated_Source\PSoC5/LCD_LCDPort.c **** /*******************************************************************************
  26:Generated_Source\PSoC5/LCD_LCDPort.c **** * Function Name: LCD_LCDPort_Write
  27:Generated_Source\PSoC5/LCD_LCDPort.c **** ****************************************************************************//**
  28:Generated_Source\PSoC5/LCD_LCDPort.c **** *
  29:Generated_Source\PSoC5/LCD_LCDPort.c **** * \brief Writes the value to the physical port (data output register), masking
  30:Generated_Source\PSoC5/LCD_LCDPort.c **** *  and shifting the bits appropriately. 
  31:Generated_Source\PSoC5/LCD_LCDPort.c **** *
ARM GAS  C:\Users\Bart\AppData\Local\Temp\ccNI6SKX.s 			page 2


  32:Generated_Source\PSoC5/LCD_LCDPort.c **** * The data output register controls the signal applied to the physical pin in 
  33:Generated_Source\PSoC5/LCD_LCDPort.c **** * conjunction with the drive mode parameter. This function avoids changing 
  34:Generated_Source\PSoC5/LCD_LCDPort.c **** * other bits in the port by using the appropriate method (read-modify-write or
  35:Generated_Source\PSoC5/LCD_LCDPort.c **** * bit banding).
  36:Generated_Source\PSoC5/LCD_LCDPort.c **** *
  37:Generated_Source\PSoC5/LCD_LCDPort.c **** * <b>Note</b> This function should not be used on a hardware digital output pin 
  38:Generated_Source\PSoC5/LCD_LCDPort.c **** * as it is driven by the hardware signal attached to it.
  39:Generated_Source\PSoC5/LCD_LCDPort.c **** *
  40:Generated_Source\PSoC5/LCD_LCDPort.c **** * \param value
  41:Generated_Source\PSoC5/LCD_LCDPort.c **** *  Value to write to the component instance.
  42:Generated_Source\PSoC5/LCD_LCDPort.c **** *
  43:Generated_Source\PSoC5/LCD_LCDPort.c **** * \return 
  44:Generated_Source\PSoC5/LCD_LCDPort.c **** *  None 
  45:Generated_Source\PSoC5/LCD_LCDPort.c **** *
  46:Generated_Source\PSoC5/LCD_LCDPort.c **** * \sideeffect
  47:Generated_Source\PSoC5/LCD_LCDPort.c **** *  If you use read-modify-write operations that are not atomic; the Interrupt 
  48:Generated_Source\PSoC5/LCD_LCDPort.c **** *  Service Routines (ISR) can cause corruption of this function. An ISR that 
  49:Generated_Source\PSoC5/LCD_LCDPort.c **** *  interrupts this function and performs writes to the Pins component data 
  50:Generated_Source\PSoC5/LCD_LCDPort.c **** *  register can cause corrupted port data. To avoid this issue, you should 
  51:Generated_Source\PSoC5/LCD_LCDPort.c **** *  either use the Per-Pin APIs (primary method) or disable interrupts around 
  52:Generated_Source\PSoC5/LCD_LCDPort.c **** *  this function.
  53:Generated_Source\PSoC5/LCD_LCDPort.c **** *
  54:Generated_Source\PSoC5/LCD_LCDPort.c **** * \funcusage
  55:Generated_Source\PSoC5/LCD_LCDPort.c **** *  \snippet LCD_LCDPort_SUT.c usage_LCD_LCDPort_Write
  56:Generated_Source\PSoC5/LCD_LCDPort.c **** *******************************************************************************/
  57:Generated_Source\PSoC5/LCD_LCDPort.c **** void LCD_LCDPort_Write(uint8 value)
  58:Generated_Source\PSoC5/LCD_LCDPort.c **** {
  27              		.loc 1 58 0
  28              		.cfi_startproc
  29              		@ args = 0, pretend = 0, frame = 0
  30              		@ frame_needed = 0, uses_anonymous_args = 0
  31              		@ link register save eliminated.
  32              	.LVL0:
  59:Generated_Source\PSoC5/LCD_LCDPort.c ****     uint8 staticBits = (LCD_LCDPort_DR & (uint8)(~LCD_LCDPort_MASK));
  33              		.loc 1 59 0
  34 0000 044A     		ldr	r2, .L2
  35 0002 1378     		ldrb	r3, [r2]	@ zero_extendqisi2
  36 0004 03F08003 		and	r3, r3, #128
  37              	.LVL1:
  60:Generated_Source\PSoC5/LCD_LCDPort.c ****     LCD_LCDPort_DR = staticBits | ((uint8)(value << LCD_LCDPort_SHIFT) & LCD_LCDPort_MASK);
  38              		.loc 1 60 0
  39 0008 00F07F00 		and	r0, r0, #127
  40              	.LVL2:
  41 000c 1843     		orrs	r0, r0, r3
  42 000e 1070     		strb	r0, [r2]
  43 0010 7047     		bx	lr
  44              	.L3:
  45 0012 00BF     		.align	2
  46              	.L2:
  47 0014 30510040 		.word	1073762608
  48              		.cfi_endproc
  49              	.LFE0:
  50              		.size	LCD_LCDPort_Write, .-LCD_LCDPort_Write
  51              		.section	.text.LCD_LCDPort_SetDriveMode,"ax",%progbits
  52              		.align	2
  53              		.global	LCD_LCDPort_SetDriveMode
  54              		.thumb
ARM GAS  C:\Users\Bart\AppData\Local\Temp\ccNI6SKX.s 			page 3


  55              		.thumb_func
  56              		.type	LCD_LCDPort_SetDriveMode, %function
  57              	LCD_LCDPort_SetDriveMode:
  58              	.LFB1:
  61:Generated_Source\PSoC5/LCD_LCDPort.c **** }
  62:Generated_Source\PSoC5/LCD_LCDPort.c **** 
  63:Generated_Source\PSoC5/LCD_LCDPort.c **** 
  64:Generated_Source\PSoC5/LCD_LCDPort.c **** /*******************************************************************************
  65:Generated_Source\PSoC5/LCD_LCDPort.c **** * Function Name: LCD_LCDPort_SetDriveMode
  66:Generated_Source\PSoC5/LCD_LCDPort.c **** ****************************************************************************//**
  67:Generated_Source\PSoC5/LCD_LCDPort.c **** *
  68:Generated_Source\PSoC5/LCD_LCDPort.c **** * \brief Sets the drive mode for each of the Pins component's pins.
  69:Generated_Source\PSoC5/LCD_LCDPort.c **** * 
  70:Generated_Source\PSoC5/LCD_LCDPort.c **** * <b>Note</b> This affects all pins in the Pins component instance. Use the
  71:Generated_Source\PSoC5/LCD_LCDPort.c **** * Per-Pin APIs if you wish to control individual pin's drive modes.
  72:Generated_Source\PSoC5/LCD_LCDPort.c **** *
  73:Generated_Source\PSoC5/LCD_LCDPort.c **** * \param mode
  74:Generated_Source\PSoC5/LCD_LCDPort.c **** *  Mode for the selected signals. Valid options are documented in 
  75:Generated_Source\PSoC5/LCD_LCDPort.c **** *  \ref driveMode.
  76:Generated_Source\PSoC5/LCD_LCDPort.c **** *
  77:Generated_Source\PSoC5/LCD_LCDPort.c **** * \return
  78:Generated_Source\PSoC5/LCD_LCDPort.c **** *  None
  79:Generated_Source\PSoC5/LCD_LCDPort.c **** *
  80:Generated_Source\PSoC5/LCD_LCDPort.c **** * \sideeffect
  81:Generated_Source\PSoC5/LCD_LCDPort.c **** *  If you use read-modify-write operations that are not atomic, the ISR can
  82:Generated_Source\PSoC5/LCD_LCDPort.c **** *  cause corruption of this function. An ISR that interrupts this function 
  83:Generated_Source\PSoC5/LCD_LCDPort.c **** *  and performs writes to the Pins component Drive Mode registers can cause 
  84:Generated_Source\PSoC5/LCD_LCDPort.c **** *  corrupted port data. To avoid this issue, you should either use the Per-Pin
  85:Generated_Source\PSoC5/LCD_LCDPort.c **** *  APIs (primary method) or disable interrupts around this function.
  86:Generated_Source\PSoC5/LCD_LCDPort.c **** *
  87:Generated_Source\PSoC5/LCD_LCDPort.c **** * \funcusage
  88:Generated_Source\PSoC5/LCD_LCDPort.c **** *  \snippet LCD_LCDPort_SUT.c usage_LCD_LCDPort_SetDriveMode
  89:Generated_Source\PSoC5/LCD_LCDPort.c **** *******************************************************************************/
  90:Generated_Source\PSoC5/LCD_LCDPort.c **** void LCD_LCDPort_SetDriveMode(uint8 mode)
  91:Generated_Source\PSoC5/LCD_LCDPort.c **** {
  59              		.loc 1 91 0
  60              		.cfi_startproc
  61              		@ args = 0, pretend = 0, frame = 0
  62              		@ frame_needed = 0, uses_anonymous_args = 0
  63              		@ link register save eliminated.
  64              	.LVL3:
  92:Generated_Source\PSoC5/LCD_LCDPort.c **** 	CyPins_SetPinDriveMode(LCD_LCDPort_0, mode);
  65              		.loc 1 92 0
  66 0000 164A     		ldr	r2, .L5
  67 0002 1378     		ldrb	r3, [r2]	@ zero_extendqisi2
  68 0004 00F00E00 		and	r0, r0, #14
  69              	.LVL4:
  70 0008 03F0F103 		and	r3, r3, #241
  71 000c 0343     		orrs	r3, r3, r0
  72 000e 1370     		strb	r3, [r2]
  93:Generated_Source\PSoC5/LCD_LCDPort.c **** 	CyPins_SetPinDriveMode(LCD_LCDPort_1, mode);
  73              		.loc 1 93 0
  74 0010 0132     		adds	r2, r2, #1
  75 0012 1378     		ldrb	r3, [r2]	@ zero_extendqisi2
  76 0014 03F0F103 		and	r3, r3, #241
  77 0018 0343     		orrs	r3, r3, r0
  78 001a 1370     		strb	r3, [r2]
ARM GAS  C:\Users\Bart\AppData\Local\Temp\ccNI6SKX.s 			page 4


  94:Generated_Source\PSoC5/LCD_LCDPort.c **** 	CyPins_SetPinDriveMode(LCD_LCDPort_2, mode);
  79              		.loc 1 94 0
  80 001c 0132     		adds	r2, r2, #1
  81 001e 1378     		ldrb	r3, [r2]	@ zero_extendqisi2
  82 0020 03F0F103 		and	r3, r3, #241
  83 0024 0343     		orrs	r3, r3, r0
  84 0026 1370     		strb	r3, [r2]
  95:Generated_Source\PSoC5/LCD_LCDPort.c **** 	CyPins_SetPinDriveMode(LCD_LCDPort_3, mode);
  85              		.loc 1 95 0
  86 0028 0132     		adds	r2, r2, #1
  87 002a 1378     		ldrb	r3, [r2]	@ zero_extendqisi2
  88 002c 03F0F103 		and	r3, r3, #241
  89 0030 0343     		orrs	r3, r3, r0
  90 0032 1370     		strb	r3, [r2]
  96:Generated_Source\PSoC5/LCD_LCDPort.c **** 	CyPins_SetPinDriveMode(LCD_LCDPort_4, mode);
  91              		.loc 1 96 0
  92 0034 0132     		adds	r2, r2, #1
  93 0036 1378     		ldrb	r3, [r2]	@ zero_extendqisi2
  94 0038 03F0F103 		and	r3, r3, #241
  95 003c 0343     		orrs	r3, r3, r0
  96 003e 1370     		strb	r3, [r2]
  97:Generated_Source\PSoC5/LCD_LCDPort.c **** 	CyPins_SetPinDriveMode(LCD_LCDPort_5, mode);
  97              		.loc 1 97 0
  98 0040 0132     		adds	r2, r2, #1
  99 0042 1378     		ldrb	r3, [r2]	@ zero_extendqisi2
 100 0044 03F0F103 		and	r3, r3, #241
 101 0048 0343     		orrs	r3, r3, r0
 102 004a 1370     		strb	r3, [r2]
  98:Generated_Source\PSoC5/LCD_LCDPort.c **** 	CyPins_SetPinDriveMode(LCD_LCDPort_6, mode);
 103              		.loc 1 98 0
 104 004c 0132     		adds	r2, r2, #1
 105 004e 1378     		ldrb	r3, [r2]	@ zero_extendqisi2
 106 0050 03F0F103 		and	r3, r3, #241
 107 0054 1843     		orrs	r0, r0, r3
 108 0056 1070     		strb	r0, [r2]
 109 0058 7047     		bx	lr
 110              	.L6:
 111 005a 00BF     		.align	2
 112              	.L5:
 113 005c 18500040 		.word	1073762328
 114              		.cfi_endproc
 115              	.LFE1:
 116              		.size	LCD_LCDPort_SetDriveMode, .-LCD_LCDPort_SetDriveMode
 117              		.section	.text.LCD_LCDPort_Read,"ax",%progbits
 118              		.align	2
 119              		.global	LCD_LCDPort_Read
 120              		.thumb
 121              		.thumb_func
 122              		.type	LCD_LCDPort_Read, %function
 123              	LCD_LCDPort_Read:
 124              	.LFB2:
  99:Generated_Source\PSoC5/LCD_LCDPort.c **** }
 100:Generated_Source\PSoC5/LCD_LCDPort.c **** 
 101:Generated_Source\PSoC5/LCD_LCDPort.c **** 
 102:Generated_Source\PSoC5/LCD_LCDPort.c **** /*******************************************************************************
 103:Generated_Source\PSoC5/LCD_LCDPort.c **** * Function Name: LCD_LCDPort_Read
 104:Generated_Source\PSoC5/LCD_LCDPort.c **** ****************************************************************************//**
ARM GAS  C:\Users\Bart\AppData\Local\Temp\ccNI6SKX.s 			page 5


 105:Generated_Source\PSoC5/LCD_LCDPort.c **** *
 106:Generated_Source\PSoC5/LCD_LCDPort.c **** * \brief Reads the associated physical port (pin status register) and masks 
 107:Generated_Source\PSoC5/LCD_LCDPort.c **** *  the required bits according to the width and bit position of the component
 108:Generated_Source\PSoC5/LCD_LCDPort.c **** *  instance. 
 109:Generated_Source\PSoC5/LCD_LCDPort.c **** *
 110:Generated_Source\PSoC5/LCD_LCDPort.c **** * The pin's status register returns the current logic level present on the 
 111:Generated_Source\PSoC5/LCD_LCDPort.c **** * physical pin.
 112:Generated_Source\PSoC5/LCD_LCDPort.c **** *
 113:Generated_Source\PSoC5/LCD_LCDPort.c **** * \return 
 114:Generated_Source\PSoC5/LCD_LCDPort.c **** *  The current value for the pins in the component as a right justified number.
 115:Generated_Source\PSoC5/LCD_LCDPort.c **** *
 116:Generated_Source\PSoC5/LCD_LCDPort.c **** * \funcusage
 117:Generated_Source\PSoC5/LCD_LCDPort.c **** *  \snippet LCD_LCDPort_SUT.c usage_LCD_LCDPort_Read  
 118:Generated_Source\PSoC5/LCD_LCDPort.c **** *******************************************************************************/
 119:Generated_Source\PSoC5/LCD_LCDPort.c **** uint8 LCD_LCDPort_Read(void)
 120:Generated_Source\PSoC5/LCD_LCDPort.c **** {
 125              		.loc 1 120 0
 126              		.cfi_startproc
 127              		@ args = 0, pretend = 0, frame = 0
 128              		@ frame_needed = 0, uses_anonymous_args = 0
 129              		@ link register save eliminated.
 121:Generated_Source\PSoC5/LCD_LCDPort.c ****     return (LCD_LCDPort_PS & LCD_LCDPort_MASK) >> LCD_LCDPort_SHIFT;
 130              		.loc 1 121 0
 131 0000 024B     		ldr	r3, .L8
 132 0002 1878     		ldrb	r0, [r3]	@ zero_extendqisi2
 122:Generated_Source\PSoC5/LCD_LCDPort.c **** }
 133              		.loc 1 122 0
 134 0004 00F07F00 		and	r0, r0, #127
 135 0008 7047     		bx	lr
 136              	.L9:
 137 000a 00BF     		.align	2
 138              	.L8:
 139 000c 31510040 		.word	1073762609
 140              		.cfi_endproc
 141              	.LFE2:
 142              		.size	LCD_LCDPort_Read, .-LCD_LCDPort_Read
 143              		.section	.text.LCD_LCDPort_ReadDataReg,"ax",%progbits
 144              		.align	2
 145              		.global	LCD_LCDPort_ReadDataReg
 146              		.thumb
 147              		.thumb_func
 148              		.type	LCD_LCDPort_ReadDataReg, %function
 149              	LCD_LCDPort_ReadDataReg:
 150              	.LFB3:
 123:Generated_Source\PSoC5/LCD_LCDPort.c **** 
 124:Generated_Source\PSoC5/LCD_LCDPort.c **** 
 125:Generated_Source\PSoC5/LCD_LCDPort.c **** /*******************************************************************************
 126:Generated_Source\PSoC5/LCD_LCDPort.c **** * Function Name: LCD_LCDPort_ReadDataReg
 127:Generated_Source\PSoC5/LCD_LCDPort.c **** ****************************************************************************//**
 128:Generated_Source\PSoC5/LCD_LCDPort.c **** *
 129:Generated_Source\PSoC5/LCD_LCDPort.c **** * \brief Reads the associated physical port's data output register and masks 
 130:Generated_Source\PSoC5/LCD_LCDPort.c **** *  the correct bits according to the width and bit position of the component 
 131:Generated_Source\PSoC5/LCD_LCDPort.c **** *  instance. 
 132:Generated_Source\PSoC5/LCD_LCDPort.c **** *
 133:Generated_Source\PSoC5/LCD_LCDPort.c **** * The data output register controls the signal applied to the physical pin in 
 134:Generated_Source\PSoC5/LCD_LCDPort.c **** * conjunction with the drive mode parameter. This is not the same as the 
 135:Generated_Source\PSoC5/LCD_LCDPort.c **** * preferred LCD_LCDPort_Read() API because the 
ARM GAS  C:\Users\Bart\AppData\Local\Temp\ccNI6SKX.s 			page 6


 136:Generated_Source\PSoC5/LCD_LCDPort.c **** * LCD_LCDPort_ReadDataReg() reads the data register instead of the status 
 137:Generated_Source\PSoC5/LCD_LCDPort.c **** * register. For output pins this is a useful function to determine the value 
 138:Generated_Source\PSoC5/LCD_LCDPort.c **** * just written to the pin.
 139:Generated_Source\PSoC5/LCD_LCDPort.c **** *
 140:Generated_Source\PSoC5/LCD_LCDPort.c **** * \return 
 141:Generated_Source\PSoC5/LCD_LCDPort.c **** *  The current value of the data register masked and shifted into a right 
 142:Generated_Source\PSoC5/LCD_LCDPort.c **** *  justified number for the component instance.
 143:Generated_Source\PSoC5/LCD_LCDPort.c **** *
 144:Generated_Source\PSoC5/LCD_LCDPort.c **** * \funcusage
 145:Generated_Source\PSoC5/LCD_LCDPort.c **** *  \snippet LCD_LCDPort_SUT.c usage_LCD_LCDPort_ReadDataReg 
 146:Generated_Source\PSoC5/LCD_LCDPort.c **** *******************************************************************************/
 147:Generated_Source\PSoC5/LCD_LCDPort.c **** uint8 LCD_LCDPort_ReadDataReg(void)
 148:Generated_Source\PSoC5/LCD_LCDPort.c **** {
 151              		.loc 1 148 0
 152              		.cfi_startproc
 153              		@ args = 0, pretend = 0, frame = 0
 154              		@ frame_needed = 0, uses_anonymous_args = 0
 155              		@ link register save eliminated.
 149:Generated_Source\PSoC5/LCD_LCDPort.c ****     return (LCD_LCDPort_DR & LCD_LCDPort_MASK) >> LCD_LCDPort_SHIFT;
 156              		.loc 1 149 0
 157 0000 024B     		ldr	r3, .L11
 158 0002 1878     		ldrb	r0, [r3]	@ zero_extendqisi2
 150:Generated_Source\PSoC5/LCD_LCDPort.c **** }
 159              		.loc 1 150 0
 160 0004 00F07F00 		and	r0, r0, #127
 161 0008 7047     		bx	lr
 162              	.L12:
 163 000a 00BF     		.align	2
 164              	.L11:
 165 000c 30510040 		.word	1073762608
 166              		.cfi_endproc
 167              	.LFE3:
 168              		.size	LCD_LCDPort_ReadDataReg, .-LCD_LCDPort_ReadDataReg
 169              		.text
 170              	.Letext0:
 171              		.file 2 "Generated_Source\\PSoC5\\cytypes.h"
 172              		.section	.debug_info,"",%progbits
 173              	.Ldebug_info0:
 174 0000 1B010000 		.4byte	0x11b
 175 0004 0400     		.2byte	0x4
 176 0006 00000000 		.4byte	.Ldebug_abbrev0
 177 000a 04       		.byte	0x4
 178 000b 01       		.uleb128 0x1
 179 000c CA000000 		.4byte	.LASF20
 180 0010 01       		.byte	0x1
 181 0011 85000000 		.4byte	.LASF21
 182 0015 BE010000 		.4byte	.LASF22
 183 0019 00000000 		.4byte	.Ldebug_ranges0+0
 184 001d 00000000 		.4byte	0
 185 0021 00000000 		.4byte	.Ldebug_line0
 186 0025 02       		.uleb128 0x2
 187 0026 01       		.byte	0x1
 188 0027 06       		.byte	0x6
 189 0028 49000000 		.4byte	.LASF0
 190 002c 02       		.uleb128 0x2
 191 002d 01       		.byte	0x1
 192 002e 08       		.byte	0x8
ARM GAS  C:\Users\Bart\AppData\Local\Temp\ccNI6SKX.s 			page 7


 193 002f 55000000 		.4byte	.LASF1
 194 0033 02       		.uleb128 0x2
 195 0034 02       		.byte	0x2
 196 0035 05       		.byte	0x5
 197 0036 94010000 		.4byte	.LASF2
 198 003a 02       		.uleb128 0x2
 199 003b 02       		.byte	0x2
 200 003c 07       		.byte	0x7
 201 003d 18000000 		.4byte	.LASF3
 202 0041 02       		.uleb128 0x2
 203 0042 04       		.byte	0x4
 204 0043 05       		.byte	0x5
 205 0044 B5010000 		.4byte	.LASF4
 206 0048 02       		.uleb128 0x2
 207 0049 04       		.byte	0x4
 208 004a 07       		.byte	0x7
 209 004b 73000000 		.4byte	.LASF5
 210 004f 02       		.uleb128 0x2
 211 0050 08       		.byte	0x8
 212 0051 05       		.byte	0x5
 213 0052 81010000 		.4byte	.LASF6
 214 0056 02       		.uleb128 0x2
 215 0057 08       		.byte	0x8
 216 0058 07       		.byte	0x7
 217 0059 65010000 		.4byte	.LASF7
 218 005d 03       		.uleb128 0x3
 219 005e 04       		.byte	0x4
 220 005f 05       		.byte	0x5
 221 0060 696E7400 		.ascii	"int\000"
 222 0064 02       		.uleb128 0x2
 223 0065 04       		.byte	0x4
 224 0066 07       		.byte	0x7
 225 0067 58010000 		.4byte	.LASF8
 226 006b 04       		.uleb128 0x4
 227 006c 9E010000 		.4byte	.LASF12
 228 0070 02       		.byte	0x2
 229 0071 9201     		.2byte	0x192
 230 0073 2C000000 		.4byte	0x2c
 231 0077 02       		.uleb128 0x2
 232 0078 04       		.byte	0x4
 233 0079 04       		.byte	0x4
 234 007a 43000000 		.4byte	.LASF9
 235 007e 02       		.uleb128 0x2
 236 007f 08       		.byte	0x8
 237 0080 04       		.byte	0x4
 238 0081 C3000000 		.4byte	.LASF10
 239 0085 02       		.uleb128 0x2
 240 0086 01       		.byte	0x1
 241 0087 08       		.byte	0x8
 242 0088 8F010000 		.4byte	.LASF11
 243 008c 04       		.uleb128 0x4
 244 008d 6E000000 		.4byte	.LASF13
 245 0091 02       		.byte	0x2
 246 0092 3C02     		.2byte	0x23c
 247 0094 98000000 		.4byte	0x98
 248 0098 05       		.uleb128 0x5
 249 0099 6B000000 		.4byte	0x6b
ARM GAS  C:\Users\Bart\AppData\Local\Temp\ccNI6SKX.s 			page 8


 250 009d 06       		.uleb128 0x6
 251 009e 06000000 		.4byte	.LASF14
 252 00a2 01       		.byte	0x1
 253 00a3 39       		.byte	0x39
 254 00a4 00000000 		.4byte	.LFB0
 255 00a8 18000000 		.4byte	.LFE0-.LFB0
 256 00ac 01       		.uleb128 0x1
 257 00ad 9C       		.byte	0x9c
 258 00ae CF000000 		.4byte	0xcf
 259 00b2 07       		.uleb128 0x7
 260 00b3 00000000 		.4byte	.LASF16
 261 00b7 01       		.byte	0x1
 262 00b8 39       		.byte	0x39
 263 00b9 6B000000 		.4byte	0x6b
 264 00bd 00000000 		.4byte	.LLST0
 265 00c1 08       		.uleb128 0x8
 266 00c2 63000000 		.4byte	.LASF23
 267 00c6 01       		.byte	0x1
 268 00c7 3B       		.byte	0x3b
 269 00c8 6B000000 		.4byte	0x6b
 270 00cc 01       		.uleb128 0x1
 271 00cd 53       		.byte	0x53
 272 00ce 00       		.byte	0
 273 00cf 06       		.uleb128 0x6
 274 00d0 AA000000 		.4byte	.LASF15
 275 00d4 01       		.byte	0x1
 276 00d5 5A       		.byte	0x5a
 277 00d6 00000000 		.4byte	.LFB1
 278 00da 60000000 		.4byte	.LFE1-.LFB1
 279 00de 01       		.uleb128 0x1
 280 00df 9C       		.byte	0x9c
 281 00e0 F4000000 		.4byte	0xf4
 282 00e4 07       		.uleb128 0x7
 283 00e5 7C010000 		.4byte	.LASF17
 284 00e9 01       		.byte	0x1
 285 00ea 5A       		.byte	0x5a
 286 00eb 6B000000 		.4byte	0x6b
 287 00ef 21000000 		.4byte	.LLST1
 288 00f3 00       		.byte	0
 289 00f4 09       		.uleb128 0x9
 290 00f5 A4010000 		.4byte	.LASF18
 291 00f9 01       		.byte	0x1
 292 00fa 77       		.byte	0x77
 293 00fb 6B000000 		.4byte	0x6b
 294 00ff 00000000 		.4byte	.LFB2
 295 0103 10000000 		.4byte	.LFE2-.LFB2
 296 0107 01       		.uleb128 0x1
 297 0108 9C       		.byte	0x9c
 298 0109 09       		.uleb128 0x9
 299 010a 2B000000 		.4byte	.LASF19
 300 010e 01       		.byte	0x1
 301 010f 93       		.byte	0x93
 302 0110 6B000000 		.4byte	0x6b
 303 0114 00000000 		.4byte	.LFB3
 304 0118 10000000 		.4byte	.LFE3-.LFB3
 305 011c 01       		.uleb128 0x1
 306 011d 9C       		.byte	0x9c
ARM GAS  C:\Users\Bart\AppData\Local\Temp\ccNI6SKX.s 			page 9


 307 011e 00       		.byte	0
 308              		.section	.debug_abbrev,"",%progbits
 309              	.Ldebug_abbrev0:
 310 0000 01       		.uleb128 0x1
 311 0001 11       		.uleb128 0x11
 312 0002 01       		.byte	0x1
 313 0003 25       		.uleb128 0x25
 314 0004 0E       		.uleb128 0xe
 315 0005 13       		.uleb128 0x13
 316 0006 0B       		.uleb128 0xb
 317 0007 03       		.uleb128 0x3
 318 0008 0E       		.uleb128 0xe
 319 0009 1B       		.uleb128 0x1b
 320 000a 0E       		.uleb128 0xe
 321 000b 55       		.uleb128 0x55
 322 000c 17       		.uleb128 0x17
 323 000d 11       		.uleb128 0x11
 324 000e 01       		.uleb128 0x1
 325 000f 10       		.uleb128 0x10
 326 0010 17       		.uleb128 0x17
 327 0011 00       		.byte	0
 328 0012 00       		.byte	0
 329 0013 02       		.uleb128 0x2
 330 0014 24       		.uleb128 0x24
 331 0015 00       		.byte	0
 332 0016 0B       		.uleb128 0xb
 333 0017 0B       		.uleb128 0xb
 334 0018 3E       		.uleb128 0x3e
 335 0019 0B       		.uleb128 0xb
 336 001a 03       		.uleb128 0x3
 337 001b 0E       		.uleb128 0xe
 338 001c 00       		.byte	0
 339 001d 00       		.byte	0
 340 001e 03       		.uleb128 0x3
 341 001f 24       		.uleb128 0x24
 342 0020 00       		.byte	0
 343 0021 0B       		.uleb128 0xb
 344 0022 0B       		.uleb128 0xb
 345 0023 3E       		.uleb128 0x3e
 346 0024 0B       		.uleb128 0xb
 347 0025 03       		.uleb128 0x3
 348 0026 08       		.uleb128 0x8
 349 0027 00       		.byte	0
 350 0028 00       		.byte	0
 351 0029 04       		.uleb128 0x4
 352 002a 16       		.uleb128 0x16
 353 002b 00       		.byte	0
 354 002c 03       		.uleb128 0x3
 355 002d 0E       		.uleb128 0xe
 356 002e 3A       		.uleb128 0x3a
 357 002f 0B       		.uleb128 0xb
 358 0030 3B       		.uleb128 0x3b
 359 0031 05       		.uleb128 0x5
 360 0032 49       		.uleb128 0x49
 361 0033 13       		.uleb128 0x13
 362 0034 00       		.byte	0
 363 0035 00       		.byte	0
ARM GAS  C:\Users\Bart\AppData\Local\Temp\ccNI6SKX.s 			page 10


 364 0036 05       		.uleb128 0x5
 365 0037 35       		.uleb128 0x35
 366 0038 00       		.byte	0
 367 0039 49       		.uleb128 0x49
 368 003a 13       		.uleb128 0x13
 369 003b 00       		.byte	0
 370 003c 00       		.byte	0
 371 003d 06       		.uleb128 0x6
 372 003e 2E       		.uleb128 0x2e
 373 003f 01       		.byte	0x1
 374 0040 3F       		.uleb128 0x3f
 375 0041 19       		.uleb128 0x19
 376 0042 03       		.uleb128 0x3
 377 0043 0E       		.uleb128 0xe
 378 0044 3A       		.uleb128 0x3a
 379 0045 0B       		.uleb128 0xb
 380 0046 3B       		.uleb128 0x3b
 381 0047 0B       		.uleb128 0xb
 382 0048 27       		.uleb128 0x27
 383 0049 19       		.uleb128 0x19
 384 004a 11       		.uleb128 0x11
 385 004b 01       		.uleb128 0x1
 386 004c 12       		.uleb128 0x12
 387 004d 06       		.uleb128 0x6
 388 004e 40       		.uleb128 0x40
 389 004f 18       		.uleb128 0x18
 390 0050 9742     		.uleb128 0x2117
 391 0052 19       		.uleb128 0x19
 392 0053 01       		.uleb128 0x1
 393 0054 13       		.uleb128 0x13
 394 0055 00       		.byte	0
 395 0056 00       		.byte	0
 396 0057 07       		.uleb128 0x7
 397 0058 05       		.uleb128 0x5
 398 0059 00       		.byte	0
 399 005a 03       		.uleb128 0x3
 400 005b 0E       		.uleb128 0xe
 401 005c 3A       		.uleb128 0x3a
 402 005d 0B       		.uleb128 0xb
 403 005e 3B       		.uleb128 0x3b
 404 005f 0B       		.uleb128 0xb
 405 0060 49       		.uleb128 0x49
 406 0061 13       		.uleb128 0x13
 407 0062 02       		.uleb128 0x2
 408 0063 17       		.uleb128 0x17
 409 0064 00       		.byte	0
 410 0065 00       		.byte	0
 411 0066 08       		.uleb128 0x8
 412 0067 34       		.uleb128 0x34
 413 0068 00       		.byte	0
 414 0069 03       		.uleb128 0x3
 415 006a 0E       		.uleb128 0xe
 416 006b 3A       		.uleb128 0x3a
 417 006c 0B       		.uleb128 0xb
 418 006d 3B       		.uleb128 0x3b
 419 006e 0B       		.uleb128 0xb
 420 006f 49       		.uleb128 0x49
ARM GAS  C:\Users\Bart\AppData\Local\Temp\ccNI6SKX.s 			page 11


 421 0070 13       		.uleb128 0x13
 422 0071 02       		.uleb128 0x2
 423 0072 18       		.uleb128 0x18
 424 0073 00       		.byte	0
 425 0074 00       		.byte	0
 426 0075 09       		.uleb128 0x9
 427 0076 2E       		.uleb128 0x2e
 428 0077 00       		.byte	0
 429 0078 3F       		.uleb128 0x3f
 430 0079 19       		.uleb128 0x19
 431 007a 03       		.uleb128 0x3
 432 007b 0E       		.uleb128 0xe
 433 007c 3A       		.uleb128 0x3a
 434 007d 0B       		.uleb128 0xb
 435 007e 3B       		.uleb128 0x3b
 436 007f 0B       		.uleb128 0xb
 437 0080 27       		.uleb128 0x27
 438 0081 19       		.uleb128 0x19
 439 0082 49       		.uleb128 0x49
 440 0083 13       		.uleb128 0x13
 441 0084 11       		.uleb128 0x11
 442 0085 01       		.uleb128 0x1
 443 0086 12       		.uleb128 0x12
 444 0087 06       		.uleb128 0x6
 445 0088 40       		.uleb128 0x40
 446 0089 18       		.uleb128 0x18
 447 008a 9742     		.uleb128 0x2117
 448 008c 19       		.uleb128 0x19
 449 008d 00       		.byte	0
 450 008e 00       		.byte	0
 451 008f 00       		.byte	0
 452              		.section	.debug_loc,"",%progbits
 453              	.Ldebug_loc0:
 454              	.LLST0:
 455 0000 00000000 		.4byte	.LVL0
 456 0004 0C000000 		.4byte	.LVL2
 457 0008 0100     		.2byte	0x1
 458 000a 50       		.byte	0x50
 459 000b 0C000000 		.4byte	.LVL2
 460 000f 18000000 		.4byte	.LFE0
 461 0013 0400     		.2byte	0x4
 462 0015 F3       		.byte	0xf3
 463 0016 01       		.uleb128 0x1
 464 0017 50       		.byte	0x50
 465 0018 9F       		.byte	0x9f
 466 0019 00000000 		.4byte	0
 467 001d 00000000 		.4byte	0
 468              	.LLST1:
 469 0021 00000000 		.4byte	.LVL3
 470 0025 08000000 		.4byte	.LVL4
 471 0029 0100     		.2byte	0x1
 472 002b 50       		.byte	0x50
 473 002c 08000000 		.4byte	.LVL4
 474 0030 60000000 		.4byte	.LFE1
 475 0034 0400     		.2byte	0x4
 476 0036 F3       		.byte	0xf3
 477 0037 01       		.uleb128 0x1
ARM GAS  C:\Users\Bart\AppData\Local\Temp\ccNI6SKX.s 			page 12


 478 0038 50       		.byte	0x50
 479 0039 9F       		.byte	0x9f
 480 003a 00000000 		.4byte	0
 481 003e 00000000 		.4byte	0
 482              		.section	.debug_aranges,"",%progbits
 483 0000 34000000 		.4byte	0x34
 484 0004 0200     		.2byte	0x2
 485 0006 00000000 		.4byte	.Ldebug_info0
 486 000a 04       		.byte	0x4
 487 000b 00       		.byte	0
 488 000c 0000     		.2byte	0
 489 000e 0000     		.2byte	0
 490 0010 00000000 		.4byte	.LFB0
 491 0014 18000000 		.4byte	.LFE0-.LFB0
 492 0018 00000000 		.4byte	.LFB1
 493 001c 60000000 		.4byte	.LFE1-.LFB1
 494 0020 00000000 		.4byte	.LFB2
 495 0024 10000000 		.4byte	.LFE2-.LFB2
 496 0028 00000000 		.4byte	.LFB3
 497 002c 10000000 		.4byte	.LFE3-.LFB3
 498 0030 00000000 		.4byte	0
 499 0034 00000000 		.4byte	0
 500              		.section	.debug_ranges,"",%progbits
 501              	.Ldebug_ranges0:
 502 0000 00000000 		.4byte	.LFB0
 503 0004 18000000 		.4byte	.LFE0
 504 0008 00000000 		.4byte	.LFB1
 505 000c 60000000 		.4byte	.LFE1
 506 0010 00000000 		.4byte	.LFB2
 507 0014 10000000 		.4byte	.LFE2
 508 0018 00000000 		.4byte	.LFB3
 509 001c 10000000 		.4byte	.LFE3
 510 0020 00000000 		.4byte	0
 511 0024 00000000 		.4byte	0
 512              		.section	.debug_line,"",%progbits
 513              	.Ldebug_line0:
 514 0000 9A000000 		.section	.debug_str,"MS",%progbits,1
 514      02004800 
 514      00000201 
 514      FB0E0D00 
 514      01010101 
 515              	.LASF16:
 516 0000 76616C75 		.ascii	"value\000"
 516      6500
 517              	.LASF14:
 518 0006 4C43445F 		.ascii	"LCD_LCDPort_Write\000"
 518      4C434450 
 518      6F72745F 
 518      57726974 
 518      6500
 519              	.LASF3:
 520 0018 73686F72 		.ascii	"short unsigned int\000"
 520      7420756E 
 520      7369676E 
 520      65642069 
 520      6E7400
 521              	.LASF19:
ARM GAS  C:\Users\Bart\AppData\Local\Temp\ccNI6SKX.s 			page 13


 522 002b 4C43445F 		.ascii	"LCD_LCDPort_ReadDataReg\000"
 522      4C434450 
 522      6F72745F 
 522      52656164 
 522      44617461 
 523              	.LASF9:
 524 0043 666C6F61 		.ascii	"float\000"
 524      7400
 525              	.LASF0:
 526 0049 7369676E 		.ascii	"signed char\000"
 526      65642063 
 526      68617200 
 527              	.LASF1:
 528 0055 756E7369 		.ascii	"unsigned char\000"
 528      676E6564 
 528      20636861 
 528      7200
 529              	.LASF23:
 530 0063 73746174 		.ascii	"staticBits\000"
 530      69634269 
 530      747300
 531              	.LASF13:
 532 006e 72656738 		.ascii	"reg8\000"
 532      00
 533              	.LASF5:
 534 0073 6C6F6E67 		.ascii	"long unsigned int\000"
 534      20756E73 
 534      69676E65 
 534      6420696E 
 534      7400
 535              	.LASF21:
 536 0085 47656E65 		.ascii	"Generated_Source\\PSoC5\\LCD_LCDPort.c\000"
 536      72617465 
 536      645F536F 
 536      75726365 
 536      5C50536F 
 537              	.LASF15:
 538 00aa 4C43445F 		.ascii	"LCD_LCDPort_SetDriveMode\000"
 538      4C434450 
 538      6F72745F 
 538      53657444 
 538      72697665 
 539              	.LASF10:
 540 00c3 646F7562 		.ascii	"double\000"
 540      6C6500
 541              	.LASF20:
 542 00ca 474E5520 		.ascii	"GNU C 4.9.3 20150303 (release) [ARM/embedded-4_9-br"
 542      4320342E 
 542      392E3320 
 542      32303135 
 542      30333033 
 543 00fd 616E6368 		.ascii	"anch revision 221220] -mcpu=cortex-m3 -mthumb -g -O"
 543      20726576 
 543      6973696F 
 543      6E203232 
 543      31323230 
 544 0130 67202D66 		.ascii	"g -ffunction-sections -ffat-lto-objects\000"
ARM GAS  C:\Users\Bart\AppData\Local\Temp\ccNI6SKX.s 			page 14


 544      66756E63 
 544      74696F6E 
 544      2D736563 
 544      74696F6E 
 545              	.LASF8:
 546 0158 756E7369 		.ascii	"unsigned int\000"
 546      676E6564 
 546      20696E74 
 546      00
 547              	.LASF7:
 548 0165 6C6F6E67 		.ascii	"long long unsigned int\000"
 548      206C6F6E 
 548      6720756E 
 548      7369676E 
 548      65642069 
 549              	.LASF17:
 550 017c 6D6F6465 		.ascii	"mode\000"
 550      00
 551              	.LASF6:
 552 0181 6C6F6E67 		.ascii	"long long int\000"
 552      206C6F6E 
 552      6720696E 
 552      7400
 553              	.LASF11:
 554 018f 63686172 		.ascii	"char\000"
 554      00
 555              	.LASF2:
 556 0194 73686F72 		.ascii	"short int\000"
 556      7420696E 
 556      7400
 557              	.LASF12:
 558 019e 75696E74 		.ascii	"uint8\000"
 558      3800
 559              	.LASF18:
 560 01a4 4C43445F 		.ascii	"LCD_LCDPort_Read\000"
 560      4C434450 
 560      6F72745F 
 560      52656164 
 560      00
 561              	.LASF4:
 562 01b5 6C6F6E67 		.ascii	"long int\000"
 562      20696E74 
 562      00
 563              	.LASF22:
 564 01be 433A5C55 		.ascii	"C:\\Users\\Bart\\Dropbox\\PSoC\\PSoC_Grbl\\PSoC_Grb"
 564      73657273 
 564      5C426172 
 564      745C4472 
 564      6F70626F 
 565 01eb 6C2E6379 		.ascii	"l.cydsn\000"
 565      64736E00 
 566              		.ident	"GCC: (GNU Tools for ARM Embedded Processors) 4.9.3 20150303 (release) [ARM/embedded-4_9-br
