ARM GAS  C:\Users\Bart\AppData\Local\Temp\ccZCIHHI.s 			page 1


   1              		.syntax unified
   2              		.cpu cortex-m3
   3              		.fpu softvfp
   4              		.eabi_attribute 20, 1
   5              		.eabi_attribute 21, 1
   6              		.eabi_attribute 23, 3
   7              		.eabi_attribute 24, 1
   8              		.eabi_attribute 25, 1
   9              		.eabi_attribute 26, 1
  10              		.eabi_attribute 30, 1
  11              		.eabi_attribute 34, 1
  12              		.eabi_attribute 18, 4
  13              		.thumb
  14              		.file	"QuadDec_Cnt16_PM.c"
  15              		.text
  16              	.Ltext0:
  17              		.cfi_sections	.debug_frame
  18              		.section	.text.QuadDec_Cnt16_SaveConfig,"ax",%progbits
  19              		.align	2
  20              		.global	QuadDec_Cnt16_SaveConfig
  21              		.thumb
  22              		.thumb_func
  23              		.type	QuadDec_Cnt16_SaveConfig, %function
  24              	QuadDec_Cnt16_SaveConfig:
  25              	.LFB0:
  26              		.file 1 "Generated_Source\\PSoC5\\QuadDec_Cnt16_PM.c"
   1:Generated_Source\PSoC5/QuadDec_Cnt16_PM.c **** /*******************************************************************************
   2:Generated_Source\PSoC5/QuadDec_Cnt16_PM.c **** * File Name: QuadDec_Cnt16_PM.c  
   3:Generated_Source\PSoC5/QuadDec_Cnt16_PM.c **** * Version 3.0
   4:Generated_Source\PSoC5/QuadDec_Cnt16_PM.c **** *
   5:Generated_Source\PSoC5/QuadDec_Cnt16_PM.c **** *  Description:
   6:Generated_Source\PSoC5/QuadDec_Cnt16_PM.c **** *    This file provides the power management source code to API for the
   7:Generated_Source\PSoC5/QuadDec_Cnt16_PM.c **** *    Counter.  
   8:Generated_Source\PSoC5/QuadDec_Cnt16_PM.c **** *
   9:Generated_Source\PSoC5/QuadDec_Cnt16_PM.c **** *   Note:
  10:Generated_Source\PSoC5/QuadDec_Cnt16_PM.c **** *     None
  11:Generated_Source\PSoC5/QuadDec_Cnt16_PM.c **** *
  12:Generated_Source\PSoC5/QuadDec_Cnt16_PM.c **** ********************************************************************************
  13:Generated_Source\PSoC5/QuadDec_Cnt16_PM.c **** * Copyright 2008-2012, Cypress Semiconductor Corporation.  All rights reserved.
  14:Generated_Source\PSoC5/QuadDec_Cnt16_PM.c **** * You may use this file only in accordance with the license, terms, conditions, 
  15:Generated_Source\PSoC5/QuadDec_Cnt16_PM.c **** * disclaimers, and limitations in the end user license agreement accompanying 
  16:Generated_Source\PSoC5/QuadDec_Cnt16_PM.c **** * the software package with which this file was provided.
  17:Generated_Source\PSoC5/QuadDec_Cnt16_PM.c **** *******************************************************************************/
  18:Generated_Source\PSoC5/QuadDec_Cnt16_PM.c **** 
  19:Generated_Source\PSoC5/QuadDec_Cnt16_PM.c **** #include "QuadDec_Cnt16.h"
  20:Generated_Source\PSoC5/QuadDec_Cnt16_PM.c **** 
  21:Generated_Source\PSoC5/QuadDec_Cnt16_PM.c **** static QuadDec_Cnt16_backupStruct QuadDec_Cnt16_backup;
  22:Generated_Source\PSoC5/QuadDec_Cnt16_PM.c **** 
  23:Generated_Source\PSoC5/QuadDec_Cnt16_PM.c **** 
  24:Generated_Source\PSoC5/QuadDec_Cnt16_PM.c **** /*******************************************************************************
  25:Generated_Source\PSoC5/QuadDec_Cnt16_PM.c **** * Function Name: QuadDec_Cnt16_SaveConfig
  26:Generated_Source\PSoC5/QuadDec_Cnt16_PM.c **** ********************************************************************************
  27:Generated_Source\PSoC5/QuadDec_Cnt16_PM.c **** * Summary:
  28:Generated_Source\PSoC5/QuadDec_Cnt16_PM.c **** *     Save the current user configuration
  29:Generated_Source\PSoC5/QuadDec_Cnt16_PM.c **** *
  30:Generated_Source\PSoC5/QuadDec_Cnt16_PM.c **** * Parameters:  
  31:Generated_Source\PSoC5/QuadDec_Cnt16_PM.c **** *  void
ARM GAS  C:\Users\Bart\AppData\Local\Temp\ccZCIHHI.s 			page 2


  32:Generated_Source\PSoC5/QuadDec_Cnt16_PM.c **** *
  33:Generated_Source\PSoC5/QuadDec_Cnt16_PM.c **** * Return: 
  34:Generated_Source\PSoC5/QuadDec_Cnt16_PM.c **** *  void
  35:Generated_Source\PSoC5/QuadDec_Cnt16_PM.c **** *
  36:Generated_Source\PSoC5/QuadDec_Cnt16_PM.c **** * Global variables:
  37:Generated_Source\PSoC5/QuadDec_Cnt16_PM.c **** *  QuadDec_Cnt16_backup:  Variables of this global structure are modified to 
  38:Generated_Source\PSoC5/QuadDec_Cnt16_PM.c **** *  store the values of non retention configuration registers when Sleep() API is 
  39:Generated_Source\PSoC5/QuadDec_Cnt16_PM.c **** *  called.
  40:Generated_Source\PSoC5/QuadDec_Cnt16_PM.c **** *
  41:Generated_Source\PSoC5/QuadDec_Cnt16_PM.c **** *******************************************************************************/
  42:Generated_Source\PSoC5/QuadDec_Cnt16_PM.c **** void QuadDec_Cnt16_SaveConfig(void) 
  43:Generated_Source\PSoC5/QuadDec_Cnt16_PM.c **** {
  27              		.loc 1 43 0
  28              		.cfi_startproc
  29              		@ args = 0, pretend = 0, frame = 0
  30              		@ frame_needed = 0, uses_anonymous_args = 0
  31 0000 10B5     		push	{r4, lr}
  32              		.cfi_def_cfa_offset 8
  33              		.cfi_offset 4, -8
  34              		.cfi_offset 14, -4
  44:Generated_Source\PSoC5/QuadDec_Cnt16_PM.c ****     #if (!QuadDec_Cnt16_UsingFixedFunction)
  45:Generated_Source\PSoC5/QuadDec_Cnt16_PM.c **** 
  46:Generated_Source\PSoC5/QuadDec_Cnt16_PM.c ****         QuadDec_Cnt16_backup.CounterUdb = QuadDec_Cnt16_ReadCounter();
  35              		.loc 1 46 0
  36 0002 FFF7FEFF 		bl	QuadDec_Cnt16_ReadCounter
  37              	.LVL0:
  38 0006 034C     		ldr	r4, .L3
  39 0008 6080     		strh	r0, [r4, #2]	@ movhi
  47:Generated_Source\PSoC5/QuadDec_Cnt16_PM.c **** 
  48:Generated_Source\PSoC5/QuadDec_Cnt16_PM.c ****         #if(!QuadDec_Cnt16_ControlRegRemoved)
  49:Generated_Source\PSoC5/QuadDec_Cnt16_PM.c ****             QuadDec_Cnt16_backup.CounterControlRegister = QuadDec_Cnt16_ReadControlRegister();
  40              		.loc 1 49 0
  41 000a FFF7FEFF 		bl	QuadDec_Cnt16_ReadControlRegister
  42              	.LVL1:
  43 000e 2071     		strb	r0, [r4, #4]
  44 0010 10BD     		pop	{r4, pc}
  45              	.L4:
  46 0012 00BF     		.align	2
  47              	.L3:
  48 0014 00000000 		.word	.LANCHOR0
  49              		.cfi_endproc
  50              	.LFE0:
  51              		.size	QuadDec_Cnt16_SaveConfig, .-QuadDec_Cnt16_SaveConfig
  52              		.section	.text.QuadDec_Cnt16_RestoreConfig,"ax",%progbits
  53              		.align	2
  54              		.global	QuadDec_Cnt16_RestoreConfig
  55              		.thumb
  56              		.thumb_func
  57              		.type	QuadDec_Cnt16_RestoreConfig, %function
  58              	QuadDec_Cnt16_RestoreConfig:
  59              	.LFB1:
  50:Generated_Source\PSoC5/QuadDec_Cnt16_PM.c ****         #endif /* (!QuadDec_Cnt16_ControlRegRemoved) */
  51:Generated_Source\PSoC5/QuadDec_Cnt16_PM.c **** 
  52:Generated_Source\PSoC5/QuadDec_Cnt16_PM.c ****     #endif /* (!QuadDec_Cnt16_UsingFixedFunction) */
  53:Generated_Source\PSoC5/QuadDec_Cnt16_PM.c **** }
  54:Generated_Source\PSoC5/QuadDec_Cnt16_PM.c **** 
  55:Generated_Source\PSoC5/QuadDec_Cnt16_PM.c **** 
ARM GAS  C:\Users\Bart\AppData\Local\Temp\ccZCIHHI.s 			page 3


  56:Generated_Source\PSoC5/QuadDec_Cnt16_PM.c **** /*******************************************************************************
  57:Generated_Source\PSoC5/QuadDec_Cnt16_PM.c **** * Function Name: QuadDec_Cnt16_RestoreConfig
  58:Generated_Source\PSoC5/QuadDec_Cnt16_PM.c **** ********************************************************************************
  59:Generated_Source\PSoC5/QuadDec_Cnt16_PM.c **** *
  60:Generated_Source\PSoC5/QuadDec_Cnt16_PM.c **** * Summary:
  61:Generated_Source\PSoC5/QuadDec_Cnt16_PM.c **** *  Restores the current user configuration.
  62:Generated_Source\PSoC5/QuadDec_Cnt16_PM.c **** *
  63:Generated_Source\PSoC5/QuadDec_Cnt16_PM.c **** * Parameters:  
  64:Generated_Source\PSoC5/QuadDec_Cnt16_PM.c **** *  void
  65:Generated_Source\PSoC5/QuadDec_Cnt16_PM.c **** *
  66:Generated_Source\PSoC5/QuadDec_Cnt16_PM.c **** * Return: 
  67:Generated_Source\PSoC5/QuadDec_Cnt16_PM.c **** *  void
  68:Generated_Source\PSoC5/QuadDec_Cnt16_PM.c **** *
  69:Generated_Source\PSoC5/QuadDec_Cnt16_PM.c **** * Global variables:
  70:Generated_Source\PSoC5/QuadDec_Cnt16_PM.c **** *  QuadDec_Cnt16_backup:  Variables of this global structure are used to 
  71:Generated_Source\PSoC5/QuadDec_Cnt16_PM.c **** *  restore the values of non retention registers on wakeup from sleep mode.
  72:Generated_Source\PSoC5/QuadDec_Cnt16_PM.c **** *
  73:Generated_Source\PSoC5/QuadDec_Cnt16_PM.c **** *******************************************************************************/
  74:Generated_Source\PSoC5/QuadDec_Cnt16_PM.c **** void QuadDec_Cnt16_RestoreConfig(void) 
  75:Generated_Source\PSoC5/QuadDec_Cnt16_PM.c **** {      
  60              		.loc 1 75 0
  61              		.cfi_startproc
  62              		@ args = 0, pretend = 0, frame = 0
  63              		@ frame_needed = 0, uses_anonymous_args = 0
  64 0000 10B5     		push	{r4, lr}
  65              		.cfi_def_cfa_offset 8
  66              		.cfi_offset 4, -8
  67              		.cfi_offset 14, -4
  76:Generated_Source\PSoC5/QuadDec_Cnt16_PM.c ****     #if (!QuadDec_Cnt16_UsingFixedFunction)
  77:Generated_Source\PSoC5/QuadDec_Cnt16_PM.c **** 
  78:Generated_Source\PSoC5/QuadDec_Cnt16_PM.c ****        QuadDec_Cnt16_WriteCounter(QuadDec_Cnt16_backup.CounterUdb);
  68              		.loc 1 78 0
  69 0002 044C     		ldr	r4, .L7
  70 0004 6088     		ldrh	r0, [r4, #2]
  71 0006 FFF7FEFF 		bl	QuadDec_Cnt16_WriteCounter
  72              	.LVL2:
  79:Generated_Source\PSoC5/QuadDec_Cnt16_PM.c **** 
  80:Generated_Source\PSoC5/QuadDec_Cnt16_PM.c ****         #if(!QuadDec_Cnt16_ControlRegRemoved)
  81:Generated_Source\PSoC5/QuadDec_Cnt16_PM.c ****             QuadDec_Cnt16_WriteControlRegister(QuadDec_Cnt16_backup.CounterControlRegister);
  73              		.loc 1 81 0
  74 000a 2079     		ldrb	r0, [r4, #4]	@ zero_extendqisi2
  75 000c FFF7FEFF 		bl	QuadDec_Cnt16_WriteControlRegister
  76              	.LVL3:
  77 0010 10BD     		pop	{r4, pc}
  78              	.L8:
  79 0012 00BF     		.align	2
  80              	.L7:
  81 0014 00000000 		.word	.LANCHOR0
  82              		.cfi_endproc
  83              	.LFE1:
  84              		.size	QuadDec_Cnt16_RestoreConfig, .-QuadDec_Cnt16_RestoreConfig
  85              		.section	.text.QuadDec_Cnt16_Sleep,"ax",%progbits
  86              		.align	2
  87              		.global	QuadDec_Cnt16_Sleep
  88              		.thumb
  89              		.thumb_func
  90              		.type	QuadDec_Cnt16_Sleep, %function
ARM GAS  C:\Users\Bart\AppData\Local\Temp\ccZCIHHI.s 			page 4


  91              	QuadDec_Cnt16_Sleep:
  92              	.LFB2:
  82:Generated_Source\PSoC5/QuadDec_Cnt16_PM.c ****         #endif /* (!QuadDec_Cnt16_ControlRegRemoved) */
  83:Generated_Source\PSoC5/QuadDec_Cnt16_PM.c **** 
  84:Generated_Source\PSoC5/QuadDec_Cnt16_PM.c ****     #endif /* (!QuadDec_Cnt16_UsingFixedFunction) */
  85:Generated_Source\PSoC5/QuadDec_Cnt16_PM.c **** }
  86:Generated_Source\PSoC5/QuadDec_Cnt16_PM.c **** 
  87:Generated_Source\PSoC5/QuadDec_Cnt16_PM.c **** 
  88:Generated_Source\PSoC5/QuadDec_Cnt16_PM.c **** /*******************************************************************************
  89:Generated_Source\PSoC5/QuadDec_Cnt16_PM.c **** * Function Name: QuadDec_Cnt16_Sleep
  90:Generated_Source\PSoC5/QuadDec_Cnt16_PM.c **** ********************************************************************************
  91:Generated_Source\PSoC5/QuadDec_Cnt16_PM.c **** * Summary:
  92:Generated_Source\PSoC5/QuadDec_Cnt16_PM.c **** *     Stop and Save the user configuration
  93:Generated_Source\PSoC5/QuadDec_Cnt16_PM.c **** *
  94:Generated_Source\PSoC5/QuadDec_Cnt16_PM.c **** * Parameters:  
  95:Generated_Source\PSoC5/QuadDec_Cnt16_PM.c **** *  void
  96:Generated_Source\PSoC5/QuadDec_Cnt16_PM.c **** *
  97:Generated_Source\PSoC5/QuadDec_Cnt16_PM.c **** * Return: 
  98:Generated_Source\PSoC5/QuadDec_Cnt16_PM.c **** *  void
  99:Generated_Source\PSoC5/QuadDec_Cnt16_PM.c **** *
 100:Generated_Source\PSoC5/QuadDec_Cnt16_PM.c **** * Global variables:
 101:Generated_Source\PSoC5/QuadDec_Cnt16_PM.c **** *  QuadDec_Cnt16_backup.enableState:  Is modified depending on the enable 
 102:Generated_Source\PSoC5/QuadDec_Cnt16_PM.c **** *  state of the block before entering sleep mode.
 103:Generated_Source\PSoC5/QuadDec_Cnt16_PM.c **** *
 104:Generated_Source\PSoC5/QuadDec_Cnt16_PM.c **** *******************************************************************************/
 105:Generated_Source\PSoC5/QuadDec_Cnt16_PM.c **** void QuadDec_Cnt16_Sleep(void) 
 106:Generated_Source\PSoC5/QuadDec_Cnt16_PM.c **** {
  93              		.loc 1 106 0
  94              		.cfi_startproc
  95              		@ args = 0, pretend = 0, frame = 0
  96              		@ frame_needed = 0, uses_anonymous_args = 0
  97 0000 08B5     		push	{r3, lr}
  98              		.cfi_def_cfa_offset 8
  99              		.cfi_offset 3, -8
 100              		.cfi_offset 14, -4
 107:Generated_Source\PSoC5/QuadDec_Cnt16_PM.c ****     #if(!QuadDec_Cnt16_ControlRegRemoved)
 108:Generated_Source\PSoC5/QuadDec_Cnt16_PM.c ****         /* Save Counter's enable state */
 109:Generated_Source\PSoC5/QuadDec_Cnt16_PM.c ****         if(QuadDec_Cnt16_CTRL_ENABLE == (QuadDec_Cnt16_CONTROL & QuadDec_Cnt16_CTRL_ENABLE))
 101              		.loc 1 109 0
 102 0002 084B     		ldr	r3, .L13
 103 0004 1B78     		ldrb	r3, [r3]	@ zero_extendqisi2
 104 0006 13F0800F 		tst	r3, #128
 105 000a 03D0     		beq	.L10
 110:Generated_Source\PSoC5/QuadDec_Cnt16_PM.c ****         {
 111:Generated_Source\PSoC5/QuadDec_Cnt16_PM.c ****             /* Counter is enabled */
 112:Generated_Source\PSoC5/QuadDec_Cnt16_PM.c ****             QuadDec_Cnt16_backup.CounterEnableState = 1u;
 106              		.loc 1 112 0
 107 000c 0122     		movs	r2, #1
 108 000e 064B     		ldr	r3, .L13+4
 109 0010 1A70     		strb	r2, [r3]
 110 0012 02E0     		b	.L11
 111              	.L10:
 113:Generated_Source\PSoC5/QuadDec_Cnt16_PM.c ****         }
 114:Generated_Source\PSoC5/QuadDec_Cnt16_PM.c ****         else
 115:Generated_Source\PSoC5/QuadDec_Cnt16_PM.c ****         {
 116:Generated_Source\PSoC5/QuadDec_Cnt16_PM.c ****             /* Counter is disabled */
 117:Generated_Source\PSoC5/QuadDec_Cnt16_PM.c ****             QuadDec_Cnt16_backup.CounterEnableState = 0u;
ARM GAS  C:\Users\Bart\AppData\Local\Temp\ccZCIHHI.s 			page 5


 112              		.loc 1 117 0
 113 0014 0022     		movs	r2, #0
 114 0016 044B     		ldr	r3, .L13+4
 115 0018 1A70     		strb	r2, [r3]
 116              	.L11:
 118:Generated_Source\PSoC5/QuadDec_Cnt16_PM.c ****         }
 119:Generated_Source\PSoC5/QuadDec_Cnt16_PM.c ****     #else
 120:Generated_Source\PSoC5/QuadDec_Cnt16_PM.c ****         QuadDec_Cnt16_backup.CounterEnableState = 1u;
 121:Generated_Source\PSoC5/QuadDec_Cnt16_PM.c ****         if(QuadDec_Cnt16_backup.CounterEnableState != 0u)
 122:Generated_Source\PSoC5/QuadDec_Cnt16_PM.c ****         {
 123:Generated_Source\PSoC5/QuadDec_Cnt16_PM.c ****             QuadDec_Cnt16_backup.CounterEnableState = 0u;
 124:Generated_Source\PSoC5/QuadDec_Cnt16_PM.c ****         }
 125:Generated_Source\PSoC5/QuadDec_Cnt16_PM.c ****     #endif /* (!QuadDec_Cnt16_ControlRegRemoved) */
 126:Generated_Source\PSoC5/QuadDec_Cnt16_PM.c ****     
 127:Generated_Source\PSoC5/QuadDec_Cnt16_PM.c ****     QuadDec_Cnt16_Stop();
 117              		.loc 1 127 0
 118 001a FFF7FEFF 		bl	QuadDec_Cnt16_Stop
 119              	.LVL4:
 128:Generated_Source\PSoC5/QuadDec_Cnt16_PM.c ****     QuadDec_Cnt16_SaveConfig();
 120              		.loc 1 128 0
 121 001e FFF7FEFF 		bl	QuadDec_Cnt16_SaveConfig
 122              	.LVL5:
 123 0022 08BD     		pop	{r3, pc}
 124              	.L14:
 125              		.align	2
 126              	.L13:
 127 0024 78650040 		.word	1073767800
 128 0028 00000000 		.word	.LANCHOR0
 129              		.cfi_endproc
 130              	.LFE2:
 131              		.size	QuadDec_Cnt16_Sleep, .-QuadDec_Cnt16_Sleep
 132              		.section	.text.QuadDec_Cnt16_Wakeup,"ax",%progbits
 133              		.align	2
 134              		.global	QuadDec_Cnt16_Wakeup
 135              		.thumb
 136              		.thumb_func
 137              		.type	QuadDec_Cnt16_Wakeup, %function
 138              	QuadDec_Cnt16_Wakeup:
 139              	.LFB3:
 129:Generated_Source\PSoC5/QuadDec_Cnt16_PM.c **** }
 130:Generated_Source\PSoC5/QuadDec_Cnt16_PM.c **** 
 131:Generated_Source\PSoC5/QuadDec_Cnt16_PM.c **** 
 132:Generated_Source\PSoC5/QuadDec_Cnt16_PM.c **** /*******************************************************************************
 133:Generated_Source\PSoC5/QuadDec_Cnt16_PM.c **** * Function Name: QuadDec_Cnt16_Wakeup
 134:Generated_Source\PSoC5/QuadDec_Cnt16_PM.c **** ********************************************************************************
 135:Generated_Source\PSoC5/QuadDec_Cnt16_PM.c **** *
 136:Generated_Source\PSoC5/QuadDec_Cnt16_PM.c **** * Summary:
 137:Generated_Source\PSoC5/QuadDec_Cnt16_PM.c **** *  Restores and enables the user configuration
 138:Generated_Source\PSoC5/QuadDec_Cnt16_PM.c **** *  
 139:Generated_Source\PSoC5/QuadDec_Cnt16_PM.c **** * Parameters:  
 140:Generated_Source\PSoC5/QuadDec_Cnt16_PM.c **** *  void
 141:Generated_Source\PSoC5/QuadDec_Cnt16_PM.c **** *
 142:Generated_Source\PSoC5/QuadDec_Cnt16_PM.c **** * Return: 
 143:Generated_Source\PSoC5/QuadDec_Cnt16_PM.c **** *  void
 144:Generated_Source\PSoC5/QuadDec_Cnt16_PM.c **** *
 145:Generated_Source\PSoC5/QuadDec_Cnt16_PM.c **** * Global variables:
 146:Generated_Source\PSoC5/QuadDec_Cnt16_PM.c **** *  QuadDec_Cnt16_backup.enableState:  Is used to restore the enable state of 
ARM GAS  C:\Users\Bart\AppData\Local\Temp\ccZCIHHI.s 			page 6


 147:Generated_Source\PSoC5/QuadDec_Cnt16_PM.c **** *  block on wakeup from sleep mode.
 148:Generated_Source\PSoC5/QuadDec_Cnt16_PM.c **** *
 149:Generated_Source\PSoC5/QuadDec_Cnt16_PM.c **** *******************************************************************************/
 150:Generated_Source\PSoC5/QuadDec_Cnt16_PM.c **** void QuadDec_Cnt16_Wakeup(void) 
 151:Generated_Source\PSoC5/QuadDec_Cnt16_PM.c **** {
 140              		.loc 1 151 0
 141              		.cfi_startproc
 142              		@ args = 0, pretend = 0, frame = 0
 143              		@ frame_needed = 0, uses_anonymous_args = 0
 144 0000 08B5     		push	{r3, lr}
 145              		.cfi_def_cfa_offset 8
 146              		.cfi_offset 3, -8
 147              		.cfi_offset 14, -4
 152:Generated_Source\PSoC5/QuadDec_Cnt16_PM.c ****     QuadDec_Cnt16_RestoreConfig();
 148              		.loc 1 152 0
 149 0002 FFF7FEFF 		bl	QuadDec_Cnt16_RestoreConfig
 150              	.LVL6:
 153:Generated_Source\PSoC5/QuadDec_Cnt16_PM.c ****     #if(!QuadDec_Cnt16_ControlRegRemoved)
 154:Generated_Source\PSoC5/QuadDec_Cnt16_PM.c ****         if(QuadDec_Cnt16_backup.CounterEnableState == 1u)
 151              		.loc 1 154 0
 152 0006 034B     		ldr	r3, .L18
 153 0008 1B78     		ldrb	r3, [r3]	@ zero_extendqisi2
 154 000a 012B     		cmp	r3, #1
 155 000c 01D1     		bne	.L15
 155:Generated_Source\PSoC5/QuadDec_Cnt16_PM.c ****         {
 156:Generated_Source\PSoC5/QuadDec_Cnt16_PM.c ****             /* Enable Counter's operation */
 157:Generated_Source\PSoC5/QuadDec_Cnt16_PM.c ****             QuadDec_Cnt16_Enable();
 156              		.loc 1 157 0
 157 000e FFF7FEFF 		bl	QuadDec_Cnt16_Enable
 158              	.LVL7:
 159              	.L15:
 160 0012 08BD     		pop	{r3, pc}
 161              	.L19:
 162              		.align	2
 163              	.L18:
 164 0014 00000000 		.word	.LANCHOR0
 165              		.cfi_endproc
 166              	.LFE3:
 167              		.size	QuadDec_Cnt16_Wakeup, .-QuadDec_Cnt16_Wakeup
 168              		.bss
 169              		.align	2
 170              		.set	.LANCHOR0,. + 0
 171              		.type	QuadDec_Cnt16_backup, %object
 172              		.size	QuadDec_Cnt16_backup, 6
 173              	QuadDec_Cnt16_backup:
 174 0000 00000000 		.space	6
 174      0000
 175 0006 0000     		.text
 176              	.Letext0:
 177              		.file 2 "Generated_Source\\PSoC5\\cytypes.h"
 178              		.file 3 "Generated_Source\\PSoC5\\QuadDec_Cnt16.h"
 179              		.section	.debug_info,"",%progbits
 180              	.Ldebug_info0:
 181 0000 DC010000 		.4byte	0x1dc
 182 0004 0400     		.2byte	0x4
 183 0006 00000000 		.4byte	.Ldebug_abbrev0
 184 000a 04       		.byte	0x4
ARM GAS  C:\Users\Bart\AppData\Local\Temp\ccZCIHHI.s 			page 7


 185 000b 01       		.uleb128 0x1
 186 000c 8F010000 		.4byte	.LASF30
 187 0010 01       		.byte	0x1
 188 0011 49000000 		.4byte	.LASF31
 189 0015 14000000 		.4byte	.LASF32
 190 0019 00000000 		.4byte	.Ldebug_ranges0+0
 191 001d 00000000 		.4byte	0
 192 0021 00000000 		.4byte	.Ldebug_line0
 193 0025 02       		.uleb128 0x2
 194 0026 01       		.byte	0x1
 195 0027 06       		.byte	0x6
 196 0028 E2020000 		.4byte	.LASF0
 197 002c 02       		.uleb128 0x2
 198 002d 01       		.byte	0x1
 199 002e 08       		.byte	0x8
 200 002f EF000000 		.4byte	.LASF1
 201 0033 02       		.uleb128 0x2
 202 0034 02       		.byte	0x2
 203 0035 05       		.byte	0x5
 204 0036 B4020000 		.4byte	.LASF2
 205 003a 02       		.uleb128 0x2
 206 003b 02       		.byte	0x2
 207 003c 07       		.byte	0x7
 208 003d 73000000 		.4byte	.LASF3
 209 0041 02       		.uleb128 0x2
 210 0042 04       		.byte	0x4
 211 0043 05       		.byte	0x5
 212 0044 D9020000 		.4byte	.LASF4
 213 0048 02       		.uleb128 0x2
 214 0049 04       		.byte	0x4
 215 004a 07       		.byte	0x7
 216 004b 32010000 		.4byte	.LASF5
 217 004f 02       		.uleb128 0x2
 218 0050 08       		.byte	0x8
 219 0051 05       		.byte	0x5
 220 0052 A1020000 		.4byte	.LASF6
 221 0056 02       		.uleb128 0x2
 222 0057 08       		.byte	0x8
 223 0058 07       		.byte	0x7
 224 0059 2A020000 		.4byte	.LASF7
 225 005d 03       		.uleb128 0x3
 226 005e 04       		.byte	0x4
 227 005f 05       		.byte	0x5
 228 0060 696E7400 		.ascii	"int\000"
 229 0064 02       		.uleb128 0x2
 230 0065 04       		.byte	0x4
 231 0066 07       		.byte	0x7
 232 0067 1D020000 		.4byte	.LASF8
 233 006b 04       		.uleb128 0x4
 234 006c 44010000 		.4byte	.LASF9
 235 0070 02       		.byte	0x2
 236 0071 9201     		.2byte	0x192
 237 0073 2C000000 		.4byte	0x2c
 238 0077 04       		.uleb128 0x4
 239 0078 73010000 		.4byte	.LASF10
 240 007c 02       		.byte	0x2
 241 007d 9301     		.2byte	0x193
ARM GAS  C:\Users\Bart\AppData\Local\Temp\ccZCIHHI.s 			page 8


 242 007f 3A000000 		.4byte	0x3a
 243 0083 02       		.uleb128 0x2
 244 0084 04       		.byte	0x4
 245 0085 04       		.byte	0x4
 246 0086 BB000000 		.4byte	.LASF11
 247 008a 02       		.uleb128 0x2
 248 008b 08       		.byte	0x8
 249 008c 04       		.byte	0x4
 250 008d 6C010000 		.4byte	.LASF12
 251 0091 02       		.uleb128 0x2
 252 0092 01       		.byte	0x1
 253 0093 08       		.byte	0x8
 254 0094 AF020000 		.4byte	.LASF13
 255 0098 04       		.uleb128 0x4
 256 0099 80020000 		.4byte	.LASF14
 257 009d 02       		.byte	0x2
 258 009e 3C02     		.2byte	0x23c
 259 00a0 A4000000 		.4byte	0xa4
 260 00a4 05       		.uleb128 0x5
 261 00a5 6B000000 		.4byte	0x6b
 262 00a9 02       		.uleb128 0x2
 263 00aa 04       		.byte	0x4
 264 00ab 07       		.byte	0x7
 265 00ac 85020000 		.4byte	.LASF15
 266 00b0 06       		.uleb128 0x6
 267 00b1 06       		.byte	0x6
 268 00b2 03       		.byte	0x3
 269 00b3 40       		.byte	0x40
 270 00b4 DD000000 		.4byte	0xdd
 271 00b8 07       		.uleb128 0x7
 272 00b9 8E020000 		.4byte	.LASF16
 273 00bd 03       		.byte	0x3
 274 00be 42       		.byte	0x42
 275 00bf 6B000000 		.4byte	0x6b
 276 00c3 00       		.byte	0
 277 00c4 07       		.uleb128 0x7
 278 00c5 86000000 		.4byte	.LASF17
 279 00c9 03       		.byte	0x3
 280 00ca 43       		.byte	0x43
 281 00cb 77000000 		.4byte	0x77
 282 00cf 02       		.byte	0x2
 283 00d0 07       		.uleb128 0x7
 284 00d1 91000000 		.4byte	.LASF18
 285 00d5 03       		.byte	0x3
 286 00d6 46       		.byte	0x46
 287 00d7 6B000000 		.4byte	0x6b
 288 00db 04       		.byte	0x4
 289 00dc 00       		.byte	0
 290 00dd 08       		.uleb128 0x8
 291 00de BE020000 		.4byte	.LASF19
 292 00e2 03       		.byte	0x3
 293 00e3 49       		.byte	0x49
 294 00e4 B0000000 		.4byte	0xb0
 295 00e8 09       		.uleb128 0x9
 296 00e9 C1000000 		.4byte	.LASF20
 297 00ed 01       		.byte	0x1
 298 00ee 2A       		.byte	0x2a
ARM GAS  C:\Users\Bart\AppData\Local\Temp\ccZCIHHI.s 			page 9


 299 00ef 00000000 		.4byte	.LFB0
 300 00f3 18000000 		.4byte	.LFE0-.LFB0
 301 00f7 01       		.uleb128 0x1
 302 00f8 9C       		.byte	0x9c
 303 00f9 10010000 		.4byte	0x110
 304 00fd 0A       		.uleb128 0xa
 305 00fe 06000000 		.4byte	.LVL0
 306 0102 99010000 		.4byte	0x199
 307 0106 0A       		.uleb128 0xa
 308 0107 0E000000 		.4byte	.LVL1
 309 010b A4010000 		.4byte	0x1a4
 310 010f 00       		.byte	0
 311 0110 09       		.uleb128 0x9
 312 0111 41020000 		.4byte	.LASF21
 313 0115 01       		.byte	0x1
 314 0116 4A       		.byte	0x4a
 315 0117 00000000 		.4byte	.LFB1
 316 011b 18000000 		.4byte	.LFE1-.LFB1
 317 011f 01       		.uleb128 0x1
 318 0120 9C       		.byte	0x9c
 319 0121 38010000 		.4byte	0x138
 320 0125 0A       		.uleb128 0xa
 321 0126 0A000000 		.4byte	.LVL2
 322 012a AF010000 		.4byte	0x1af
 323 012e 0A       		.uleb128 0xa
 324 012f 10000000 		.4byte	.LVL3
 325 0133 C0010000 		.4byte	0x1c0
 326 0137 00       		.byte	0
 327 0138 09       		.uleb128 0x9
 328 0139 00000000 		.4byte	.LASF22
 329 013d 01       		.byte	0x1
 330 013e 69       		.byte	0x69
 331 013f 00000000 		.4byte	.LFB2
 332 0143 2C000000 		.4byte	.LFE2-.LFB2
 333 0147 01       		.uleb128 0x1
 334 0148 9C       		.byte	0x9c
 335 0149 60010000 		.4byte	0x160
 336 014d 0A       		.uleb128 0xa
 337 014e 1E000000 		.4byte	.LVL4
 338 0152 D1010000 		.4byte	0x1d1
 339 0156 0A       		.uleb128 0xa
 340 0157 22000000 		.4byte	.LVL5
 341 015b E8000000 		.4byte	0xe8
 342 015f 00       		.byte	0
 343 0160 09       		.uleb128 0x9
 344 0161 7A010000 		.4byte	.LASF23
 345 0165 01       		.byte	0x1
 346 0166 96       		.byte	0x96
 347 0167 00000000 		.4byte	.LFB3
 348 016b 18000000 		.4byte	.LFE3-.LFB3
 349 016f 01       		.uleb128 0x1
 350 0170 9C       		.byte	0x9c
 351 0171 88010000 		.4byte	0x188
 352 0175 0A       		.uleb128 0xa
 353 0176 06000000 		.4byte	.LVL6
 354 017a 10010000 		.4byte	0x110
 355 017e 0A       		.uleb128 0xa
ARM GAS  C:\Users\Bart\AppData\Local\Temp\ccZCIHHI.s 			page 10


 356 017f 12000000 		.4byte	.LVL7
 357 0183 D8010000 		.4byte	0x1d8
 358 0187 00       		.byte	0
 359 0188 0B       		.uleb128 0xb
 360 0189 DA000000 		.4byte	.LASF33
 361 018d 01       		.byte	0x1
 362 018e 15       		.byte	0x15
 363 018f DD000000 		.4byte	0xdd
 364 0193 05       		.uleb128 0x5
 365 0194 03       		.byte	0x3
 366 0195 00000000 		.4byte	QuadDec_Cnt16_backup
 367 0199 0C       		.uleb128 0xc
 368 019a 18010000 		.4byte	.LASF24
 369 019e 03       		.byte	0x3
 370 019f 5D       		.byte	0x5d
 371 01a0 77000000 		.4byte	0x77
 372 01a4 0C       		.uleb128 0xc
 373 01a5 4A010000 		.4byte	.LASF25
 374 01a9 03       		.byte	0x3
 375 01aa 55       		.byte	0x55
 376 01ab 6B000000 		.4byte	0x6b
 377 01af 0D       		.uleb128 0xd
 378 01b0 FD000000 		.4byte	.LASF26
 379 01b4 03       		.byte	0x3
 380 01b5 5A       		.byte	0x5a
 381 01b6 C0010000 		.4byte	0x1c0
 382 01ba 0E       		.uleb128 0xe
 383 01bb 77000000 		.4byte	0x77
 384 01bf 00       		.byte	0
 385 01c0 0D       		.uleb128 0xd
 386 01c1 5D020000 		.4byte	.LASF27
 387 01c5 03       		.byte	0x3
 388 01c6 56       		.byte	0x56
 389 01c7 D1010000 		.4byte	0x1d1
 390 01cb 0E       		.uleb128 0xe
 391 01cc 6B000000 		.4byte	0x6b
 392 01d0 00       		.byte	0
 393 01d1 0F       		.uleb128 0xf
 394 01d2 A8000000 		.4byte	.LASF28
 395 01d6 03       		.byte	0x3
 396 01d7 50       		.byte	0x50
 397 01d8 0F       		.uleb128 0xf
 398 01d9 EE020000 		.4byte	.LASF29
 399 01dd 03       		.byte	0x3
 400 01de 71       		.byte	0x71
 401 01df 00       		.byte	0
 402              		.section	.debug_abbrev,"",%progbits
 403              	.Ldebug_abbrev0:
 404 0000 01       		.uleb128 0x1
 405 0001 11       		.uleb128 0x11
 406 0002 01       		.byte	0x1
 407 0003 25       		.uleb128 0x25
 408 0004 0E       		.uleb128 0xe
 409 0005 13       		.uleb128 0x13
 410 0006 0B       		.uleb128 0xb
 411 0007 03       		.uleb128 0x3
 412 0008 0E       		.uleb128 0xe
ARM GAS  C:\Users\Bart\AppData\Local\Temp\ccZCIHHI.s 			page 11


 413 0009 1B       		.uleb128 0x1b
 414 000a 0E       		.uleb128 0xe
 415 000b 55       		.uleb128 0x55
 416 000c 17       		.uleb128 0x17
 417 000d 11       		.uleb128 0x11
 418 000e 01       		.uleb128 0x1
 419 000f 10       		.uleb128 0x10
 420 0010 17       		.uleb128 0x17
 421 0011 00       		.byte	0
 422 0012 00       		.byte	0
 423 0013 02       		.uleb128 0x2
 424 0014 24       		.uleb128 0x24
 425 0015 00       		.byte	0
 426 0016 0B       		.uleb128 0xb
 427 0017 0B       		.uleb128 0xb
 428 0018 3E       		.uleb128 0x3e
 429 0019 0B       		.uleb128 0xb
 430 001a 03       		.uleb128 0x3
 431 001b 0E       		.uleb128 0xe
 432 001c 00       		.byte	0
 433 001d 00       		.byte	0
 434 001e 03       		.uleb128 0x3
 435 001f 24       		.uleb128 0x24
 436 0020 00       		.byte	0
 437 0021 0B       		.uleb128 0xb
 438 0022 0B       		.uleb128 0xb
 439 0023 3E       		.uleb128 0x3e
 440 0024 0B       		.uleb128 0xb
 441 0025 03       		.uleb128 0x3
 442 0026 08       		.uleb128 0x8
 443 0027 00       		.byte	0
 444 0028 00       		.byte	0
 445 0029 04       		.uleb128 0x4
 446 002a 16       		.uleb128 0x16
 447 002b 00       		.byte	0
 448 002c 03       		.uleb128 0x3
 449 002d 0E       		.uleb128 0xe
 450 002e 3A       		.uleb128 0x3a
 451 002f 0B       		.uleb128 0xb
 452 0030 3B       		.uleb128 0x3b
 453 0031 05       		.uleb128 0x5
 454 0032 49       		.uleb128 0x49
 455 0033 13       		.uleb128 0x13
 456 0034 00       		.byte	0
 457 0035 00       		.byte	0
 458 0036 05       		.uleb128 0x5
 459 0037 35       		.uleb128 0x35
 460 0038 00       		.byte	0
 461 0039 49       		.uleb128 0x49
 462 003a 13       		.uleb128 0x13
 463 003b 00       		.byte	0
 464 003c 00       		.byte	0
 465 003d 06       		.uleb128 0x6
 466 003e 13       		.uleb128 0x13
 467 003f 01       		.byte	0x1
 468 0040 0B       		.uleb128 0xb
 469 0041 0B       		.uleb128 0xb
ARM GAS  C:\Users\Bart\AppData\Local\Temp\ccZCIHHI.s 			page 12


 470 0042 3A       		.uleb128 0x3a
 471 0043 0B       		.uleb128 0xb
 472 0044 3B       		.uleb128 0x3b
 473 0045 0B       		.uleb128 0xb
 474 0046 01       		.uleb128 0x1
 475 0047 13       		.uleb128 0x13
 476 0048 00       		.byte	0
 477 0049 00       		.byte	0
 478 004a 07       		.uleb128 0x7
 479 004b 0D       		.uleb128 0xd
 480 004c 00       		.byte	0
 481 004d 03       		.uleb128 0x3
 482 004e 0E       		.uleb128 0xe
 483 004f 3A       		.uleb128 0x3a
 484 0050 0B       		.uleb128 0xb
 485 0051 3B       		.uleb128 0x3b
 486 0052 0B       		.uleb128 0xb
 487 0053 49       		.uleb128 0x49
 488 0054 13       		.uleb128 0x13
 489 0055 38       		.uleb128 0x38
 490 0056 0B       		.uleb128 0xb
 491 0057 00       		.byte	0
 492 0058 00       		.byte	0
 493 0059 08       		.uleb128 0x8
 494 005a 16       		.uleb128 0x16
 495 005b 00       		.byte	0
 496 005c 03       		.uleb128 0x3
 497 005d 0E       		.uleb128 0xe
 498 005e 3A       		.uleb128 0x3a
 499 005f 0B       		.uleb128 0xb
 500 0060 3B       		.uleb128 0x3b
 501 0061 0B       		.uleb128 0xb
 502 0062 49       		.uleb128 0x49
 503 0063 13       		.uleb128 0x13
 504 0064 00       		.byte	0
 505 0065 00       		.byte	0
 506 0066 09       		.uleb128 0x9
 507 0067 2E       		.uleb128 0x2e
 508 0068 01       		.byte	0x1
 509 0069 3F       		.uleb128 0x3f
 510 006a 19       		.uleb128 0x19
 511 006b 03       		.uleb128 0x3
 512 006c 0E       		.uleb128 0xe
 513 006d 3A       		.uleb128 0x3a
 514 006e 0B       		.uleb128 0xb
 515 006f 3B       		.uleb128 0x3b
 516 0070 0B       		.uleb128 0xb
 517 0071 27       		.uleb128 0x27
 518 0072 19       		.uleb128 0x19
 519 0073 11       		.uleb128 0x11
 520 0074 01       		.uleb128 0x1
 521 0075 12       		.uleb128 0x12
 522 0076 06       		.uleb128 0x6
 523 0077 40       		.uleb128 0x40
 524 0078 18       		.uleb128 0x18
 525 0079 9742     		.uleb128 0x2117
 526 007b 19       		.uleb128 0x19
ARM GAS  C:\Users\Bart\AppData\Local\Temp\ccZCIHHI.s 			page 13


 527 007c 01       		.uleb128 0x1
 528 007d 13       		.uleb128 0x13
 529 007e 00       		.byte	0
 530 007f 00       		.byte	0
 531 0080 0A       		.uleb128 0xa
 532 0081 898201   		.uleb128 0x4109
 533 0084 00       		.byte	0
 534 0085 11       		.uleb128 0x11
 535 0086 01       		.uleb128 0x1
 536 0087 31       		.uleb128 0x31
 537 0088 13       		.uleb128 0x13
 538 0089 00       		.byte	0
 539 008a 00       		.byte	0
 540 008b 0B       		.uleb128 0xb
 541 008c 34       		.uleb128 0x34
 542 008d 00       		.byte	0
 543 008e 03       		.uleb128 0x3
 544 008f 0E       		.uleb128 0xe
 545 0090 3A       		.uleb128 0x3a
 546 0091 0B       		.uleb128 0xb
 547 0092 3B       		.uleb128 0x3b
 548 0093 0B       		.uleb128 0xb
 549 0094 49       		.uleb128 0x49
 550 0095 13       		.uleb128 0x13
 551 0096 02       		.uleb128 0x2
 552 0097 18       		.uleb128 0x18
 553 0098 00       		.byte	0
 554 0099 00       		.byte	0
 555 009a 0C       		.uleb128 0xc
 556 009b 2E       		.uleb128 0x2e
 557 009c 00       		.byte	0
 558 009d 3F       		.uleb128 0x3f
 559 009e 19       		.uleb128 0x19
 560 009f 03       		.uleb128 0x3
 561 00a0 0E       		.uleb128 0xe
 562 00a1 3A       		.uleb128 0x3a
 563 00a2 0B       		.uleb128 0xb
 564 00a3 3B       		.uleb128 0x3b
 565 00a4 0B       		.uleb128 0xb
 566 00a5 27       		.uleb128 0x27
 567 00a6 19       		.uleb128 0x19
 568 00a7 49       		.uleb128 0x49
 569 00a8 13       		.uleb128 0x13
 570 00a9 3C       		.uleb128 0x3c
 571 00aa 19       		.uleb128 0x19
 572 00ab 00       		.byte	0
 573 00ac 00       		.byte	0
 574 00ad 0D       		.uleb128 0xd
 575 00ae 2E       		.uleb128 0x2e
 576 00af 01       		.byte	0x1
 577 00b0 3F       		.uleb128 0x3f
 578 00b1 19       		.uleb128 0x19
 579 00b2 03       		.uleb128 0x3
 580 00b3 0E       		.uleb128 0xe
 581 00b4 3A       		.uleb128 0x3a
 582 00b5 0B       		.uleb128 0xb
 583 00b6 3B       		.uleb128 0x3b
ARM GAS  C:\Users\Bart\AppData\Local\Temp\ccZCIHHI.s 			page 14


 584 00b7 0B       		.uleb128 0xb
 585 00b8 27       		.uleb128 0x27
 586 00b9 19       		.uleb128 0x19
 587 00ba 3C       		.uleb128 0x3c
 588 00bb 19       		.uleb128 0x19
 589 00bc 01       		.uleb128 0x1
 590 00bd 13       		.uleb128 0x13
 591 00be 00       		.byte	0
 592 00bf 00       		.byte	0
 593 00c0 0E       		.uleb128 0xe
 594 00c1 05       		.uleb128 0x5
 595 00c2 00       		.byte	0
 596 00c3 49       		.uleb128 0x49
 597 00c4 13       		.uleb128 0x13
 598 00c5 00       		.byte	0
 599 00c6 00       		.byte	0
 600 00c7 0F       		.uleb128 0xf
 601 00c8 2E       		.uleb128 0x2e
 602 00c9 00       		.byte	0
 603 00ca 3F       		.uleb128 0x3f
 604 00cb 19       		.uleb128 0x19
 605 00cc 03       		.uleb128 0x3
 606 00cd 0E       		.uleb128 0xe
 607 00ce 3A       		.uleb128 0x3a
 608 00cf 0B       		.uleb128 0xb
 609 00d0 3B       		.uleb128 0x3b
 610 00d1 0B       		.uleb128 0xb
 611 00d2 27       		.uleb128 0x27
 612 00d3 19       		.uleb128 0x19
 613 00d4 3C       		.uleb128 0x3c
 614 00d5 19       		.uleb128 0x19
 615 00d6 00       		.byte	0
 616 00d7 00       		.byte	0
 617 00d8 00       		.byte	0
 618              		.section	.debug_aranges,"",%progbits
 619 0000 34000000 		.4byte	0x34
 620 0004 0200     		.2byte	0x2
 621 0006 00000000 		.4byte	.Ldebug_info0
 622 000a 04       		.byte	0x4
 623 000b 00       		.byte	0
 624 000c 0000     		.2byte	0
 625 000e 0000     		.2byte	0
 626 0010 00000000 		.4byte	.LFB0
 627 0014 18000000 		.4byte	.LFE0-.LFB0
 628 0018 00000000 		.4byte	.LFB1
 629 001c 18000000 		.4byte	.LFE1-.LFB1
 630 0020 00000000 		.4byte	.LFB2
 631 0024 2C000000 		.4byte	.LFE2-.LFB2
 632 0028 00000000 		.4byte	.LFB3
 633 002c 18000000 		.4byte	.LFE3-.LFB3
 634 0030 00000000 		.4byte	0
 635 0034 00000000 		.4byte	0
 636              		.section	.debug_ranges,"",%progbits
 637              	.Ldebug_ranges0:
 638 0000 00000000 		.4byte	.LFB0
 639 0004 18000000 		.4byte	.LFE0
 640 0008 00000000 		.4byte	.LFB1
ARM GAS  C:\Users\Bart\AppData\Local\Temp\ccZCIHHI.s 			page 15


 641 000c 18000000 		.4byte	.LFE1
 642 0010 00000000 		.4byte	.LFB2
 643 0014 2C000000 		.4byte	.LFE2
 644 0018 00000000 		.4byte	.LFB3
 645 001c 18000000 		.4byte	.LFE3
 646 0020 00000000 		.4byte	0
 647 0024 00000000 		.4byte	0
 648              		.section	.debug_line,"",%progbits
 649              	.Ldebug_line0:
 650 0000 B3000000 		.section	.debug_str,"MS",%progbits,1
 650      02006000 
 650      00000201 
 650      FB0E0D00 
 650      01010101 
 651              	.LASF22:
 652 0000 51756164 		.ascii	"QuadDec_Cnt16_Sleep\000"
 652      4465635F 
 652      436E7431 
 652      365F536C 
 652      65657000 
 653              	.LASF32:
 654 0014 433A5C55 		.ascii	"C:\\Users\\Bart\\Dropbox\\PSoC\\PSoC_Grbl\\PSoC_Grb"
 654      73657273 
 654      5C426172 
 654      745C4472 
 654      6F70626F 
 655 0041 6C2E6379 		.ascii	"l.cydsn\000"
 655      64736E00 
 656              	.LASF31:
 657 0049 47656E65 		.ascii	"Generated_Source\\PSoC5\\QuadDec_Cnt16_PM.c\000"
 657      72617465 
 657      645F536F 
 657      75726365 
 657      5C50536F 
 658              	.LASF3:
 659 0073 73686F72 		.ascii	"short unsigned int\000"
 659      7420756E 
 659      7369676E 
 659      65642069 
 659      6E7400
 660              	.LASF17:
 661 0086 436F756E 		.ascii	"CounterUdb\000"
 661      74657255 
 661      646200
 662              	.LASF18:
 663 0091 436F756E 		.ascii	"CounterControlRegister\000"
 663      74657243 
 663      6F6E7472 
 663      6F6C5265 
 663      67697374 
 664              	.LASF28:
 665 00a8 51756164 		.ascii	"QuadDec_Cnt16_Stop\000"
 665      4465635F 
 665      436E7431 
 665      365F5374 
 665      6F7000
 666              	.LASF11:
ARM GAS  C:\Users\Bart\AppData\Local\Temp\ccZCIHHI.s 			page 16


 667 00bb 666C6F61 		.ascii	"float\000"
 667      7400
 668              	.LASF20:
 669 00c1 51756164 		.ascii	"QuadDec_Cnt16_SaveConfig\000"
 669      4465635F 
 669      436E7431 
 669      365F5361 
 669      7665436F 
 670              	.LASF33:
 671 00da 51756164 		.ascii	"QuadDec_Cnt16_backup\000"
 671      4465635F 
 671      436E7431 
 671      365F6261 
 671      636B7570 
 672              	.LASF1:
 673 00ef 756E7369 		.ascii	"unsigned char\000"
 673      676E6564 
 673      20636861 
 673      7200
 674              	.LASF26:
 675 00fd 51756164 		.ascii	"QuadDec_Cnt16_WriteCounter\000"
 675      4465635F 
 675      436E7431 
 675      365F5772 
 675      69746543 
 676              	.LASF24:
 677 0118 51756164 		.ascii	"QuadDec_Cnt16_ReadCounter\000"
 677      4465635F 
 677      436E7431 
 677      365F5265 
 677      6164436F 
 678              	.LASF5:
 679 0132 6C6F6E67 		.ascii	"long unsigned int\000"
 679      20756E73 
 679      69676E65 
 679      6420696E 
 679      7400
 680              	.LASF9:
 681 0144 75696E74 		.ascii	"uint8\000"
 681      3800
 682              	.LASF25:
 683 014a 51756164 		.ascii	"QuadDec_Cnt16_ReadControlRegister\000"
 683      4465635F 
 683      436E7431 
 683      365F5265 
 683      6164436F 
 684              	.LASF12:
 685 016c 646F7562 		.ascii	"double\000"
 685      6C6500
 686              	.LASF10:
 687 0173 75696E74 		.ascii	"uint16\000"
 687      313600
 688              	.LASF23:
 689 017a 51756164 		.ascii	"QuadDec_Cnt16_Wakeup\000"
 689      4465635F 
 689      436E7431 
 689      365F5761 
ARM GAS  C:\Users\Bart\AppData\Local\Temp\ccZCIHHI.s 			page 17


 689      6B657570 
 690              	.LASF30:
 691 018f 474E5520 		.ascii	"GNU C 4.9.3 20150303 (release) [ARM/embedded-4_9-br"
 691      4320342E 
 691      392E3320 
 691      32303135 
 691      30333033 
 692 01c2 616E6368 		.ascii	"anch revision 221220] -mcpu=cortex-m3 -mthumb -g -O"
 692      20726576 
 692      6973696F 
 692      6E203232 
 692      31323230 
 693 01f5 67202D66 		.ascii	"g -ffunction-sections -ffat-lto-objects\000"
 693      66756E63 
 693      74696F6E 
 693      2D736563 
 693      74696F6E 
 694              	.LASF8:
 695 021d 756E7369 		.ascii	"unsigned int\000"
 695      676E6564 
 695      20696E74 
 695      00
 696              	.LASF7:
 697 022a 6C6F6E67 		.ascii	"long long unsigned int\000"
 697      206C6F6E 
 697      6720756E 
 697      7369676E 
 697      65642069 
 698              	.LASF21:
 699 0241 51756164 		.ascii	"QuadDec_Cnt16_RestoreConfig\000"
 699      4465635F 
 699      436E7431 
 699      365F5265 
 699      73746F72 
 700              	.LASF27:
 701 025d 51756164 		.ascii	"QuadDec_Cnt16_WriteControlRegister\000"
 701      4465635F 
 701      436E7431 
 701      365F5772 
 701      69746543 
 702              	.LASF14:
 703 0280 72656738 		.ascii	"reg8\000"
 703      00
 704              	.LASF15:
 705 0285 73697A65 		.ascii	"sizetype\000"
 705      74797065 
 705      00
 706              	.LASF16:
 707 028e 436F756E 		.ascii	"CounterEnableState\000"
 707      74657245 
 707      6E61626C 
 707      65537461 
 707      746500
 708              	.LASF6:
 709 02a1 6C6F6E67 		.ascii	"long long int\000"
 709      206C6F6E 
 709      6720696E 
ARM GAS  C:\Users\Bart\AppData\Local\Temp\ccZCIHHI.s 			page 18


 709      7400
 710              	.LASF13:
 711 02af 63686172 		.ascii	"char\000"
 711      00
 712              	.LASF2:
 713 02b4 73686F72 		.ascii	"short int\000"
 713      7420696E 
 713      7400
 714              	.LASF19:
 715 02be 51756164 		.ascii	"QuadDec_Cnt16_backupStruct\000"
 715      4465635F 
 715      436E7431 
 715      365F6261 
 715      636B7570 
 716              	.LASF4:
 717 02d9 6C6F6E67 		.ascii	"long int\000"
 717      20696E74 
 717      00
 718              	.LASF0:
 719 02e2 7369676E 		.ascii	"signed char\000"
 719      65642063 
 719      68617200 
 720              	.LASF29:
 721 02ee 51756164 		.ascii	"QuadDec_Cnt16_Enable\000"
 721      4465635F 
 721      436E7431 
 721      365F456E 
 721      61626C65 
 722              		.ident	"GCC: (GNU Tools for ARM Embedded Processors) 4.9.3 20150303 (release) [ARM/embedded-4_9-br
