#***************************************************************************

#sjplacer

#Version:            1.1

#Build Date:         Apr 29 2016 09:00:55

#File Generated:     Mar 22 2017 18:18:53

#Purpose:            

#Copyright (C) 2010-2011 by Softjin Technologies Pvt Ltd. All rights reserved.

#***************************************************************************

Executing : D:\Program Files (x86)\Cypress\PSoC Creator\4.0\PSoC Creator\bin/sjplacer.exe --proj-name PSoC_Grbl --netlist-vh2 PSoC_Grbl_p.vh2 --arch-file D:\Program Files (x86)\Cypress\PSoC Creator\4.0\PSoC Creator\dev/arch/p35_udb4x6.ark --rrg-file D:\Program Files (x86)\Cypress\PSoC Creator\4.0\PSoC Creator\dev/psoc5/psoc5lp/route_arch-rrg.cydata --irq-file D:\Program Files (x86)\Cypress\PSoC Creator\4.0\PSoC Creator\dev/psoc5/psoc5lp/irqconn.cydata --drq-file D:\Program Files (x86)\Cypress\PSoC Creator\4.0\PSoC Creator\dev/psoc5/psoc5lp/dmaconn.cydata --dsi-conn-file D:\Program Files (x86)\Cypress\PSoC Creator\4.0\PSoC Creator\dev/psoc5/psoc5lp/dsiconn.cydata --pins-file pins_68-QFN.xml --lib-file PSoC_Grbl_p.lib --sdc-file PSoC_Grbl.sdc --io-pcf PSoC_Grbl.pci --outdir .

		Softjin Techologies Placer, Version 1.1

Build Date : Apr 29 2016	08:58:44

D2004: Option and Settings Summary
=============================================================
Netlist vh2 file          - PSoC_Grbl_p.vh2
Architecture file         - D:\Program Files (x86)\Cypress\PSoC Creator\4.0\PSoC Creator\dev/arch/p35_udb4x6.ark
Package                   - 
Defparam file             - 
SDC file                  - PSoC_Grbl.sdc
Output directory          - .
Timing library            - PSoC_Grbl_p.lib
IO Placement file         - PSoC_Grbl.pci

D2050: Starting reading inputs for placer
=============================================================
D2065: Reading netlist file : "PSoC_Grbl_p.vh2"
D2065: Reading arch file : "D:\Program Files (x86)\Cypress\PSoC Creator\4.0\PSoC Creator\dev/arch/p35_udb4x6.ark"
D2051: Reading of inputs for placer completed successfully

D2053: Starting placement of the design
=============================================================

Phase 2
Phase 3

Design Statistics after Packing
    Number of Combinational MCs 	:	25
    Number of Sequential MCs    	:	41
    Number of DPs               	:	5
    Number of Controls          	:	5
    Number of Status            	:	7
    Number of SyncCells         	:	0
    Number of count7cells       	:	1

Device Utilization Summary after Packing
    Macrocells                  :	66/192
    UDBS                        :	12/24
    IOs                         :	32/72


D2088: Phase 3, elapsed time : 0.0 (sec)

Phase 4
D2088: Phase 4, elapsed time : 0.0 (sec)

Phase 5
D2088: Phase 5, elapsed time : 0.0 (sec)

Phase 6

######################################################################
Placement Timing Summary

The timing summary is based on estimated routing delays after
placement. For final timing report, please carry out the timing
analysis after routing.
======================================================================

######################################################################
                     Clock Summary 
======================================================================
Number of clocks: 14
Clock: Clock_1              | Frequency: N/A       | Target:   1.2 MHz
Clock: Clock_1(fixed-function) | Frequency: N/A       | Target:   1.2 MHz
Clock: Clock_LCD_Update     | Frequency: N/A       | Target:   0.0 MHz
Clock: Clock_LCD_Update(routed) | Frequency: N/A       | Target:   0.0 MHz
Clock: Clock_Lim_DB         | Frequency: N/A       | Target:   0.0 MHz
Clock: Clock_Step_Pulse     | Frequency: N/A       | Target:   0.3 MHz
Clock: Clock_Sw_DB          | Frequency: 142.8 MHz | Target:   0.0 MHz
Clock: CyBUS_CLK            | Frequency:  42.5 MHz | Target:  24.0 MHz
Clock: CyBUS_CLK(fixed-function) | Frequency: N/A       | Target:  24.0 MHz
Clock: CyILO                | Frequency: N/A       | Target:   0.0 MHz
Clock: CyIMO                | Frequency: N/A       | Target:   3.0 MHz
Clock: CyMASTER_CLK         | Frequency: N/A       | Target:  24.0 MHz
Clock: CyPLL_OUT            | Frequency: N/A       | Target:  24.0 MHz
Clock: UART_IntClock        | Frequency:  53.2 MHz | Target:   0.9 MHz

======================================================================
                     End of Clock Summary
######################################################################

D2088: Phase 6, elapsed time : 0.0 (sec)

Phase 7
######################################################################
                     Clock Summary 
======================================================================
Number of clocks: 14
Clock: Clock_1              | Frequency: N/A       | Target:   1.2 MHz
Clock: Clock_1(fixed-function) | Frequency: N/A       | Target:   1.2 MHz
Clock: Clock_LCD_Update     | Frequency: N/A       | Target:   0.0 MHz
Clock: Clock_LCD_Update(routed) | Frequency: N/A       | Target:   0.0 MHz
Clock: Clock_Lim_DB         | Frequency: N/A       | Target:   0.0 MHz
Clock: Clock_Step_Pulse     | Frequency: N/A       | Target:   0.3 MHz
Clock: Clock_Sw_DB          | Frequency: 142.8 MHz | Target:   0.0 MHz
Clock: CyBUS_CLK            | Frequency:   1.3 MHz | Target:  24.0 MHz
Clock: CyBUS_CLK(fixed-function) | Frequency: N/A       | Target:  24.0 MHz
Clock: CyILO                | Frequency: N/A       | Target:   0.0 MHz
Clock: CyIMO                | Frequency: N/A       | Target:   3.0 MHz
Clock: CyMASTER_CLK         | Frequency: N/A       | Target:  24.0 MHz
Clock: CyPLL_OUT            | Frequency: N/A       | Target:  24.0 MHz
Clock: UART_IntClock        | Frequency:   1.3 MHz | Target:   0.9 MHz

======================================================================
                     End of Clock Summary
######################################################################
D2088: Phase 7, elapsed time : 0.5 (sec)

Final Design Statistics
    Number of Combinational MCs 	:	25
    Number of Sequential MCs    	:	41
    Number of DPs               	:	5
    Number of Controls          	:	5
    Number of Status            	:	7
    Number of SyncCells         	:	0
    Number of count7cells       	:	1
    Number of IOs       	:	32

Device Utilization Summary
    Macrocells                  :	66/192
    IOs                         :	32/72



######################################################################
Placement Timing Summary

The timing summary is based on estimated routing delays after
placement. For final timing report, please carry out the timing
analysis after routing.
======================================================================


######################################################################
                     Clock Summary 
======================================================================
Number of clocks: 14
Clock: Clock_1              | Frequency: N/A       | Target:   1.2 MHz
Clock: Clock_1(fixed-function) | Frequency: N/A       | Target:   1.2 MHz
Clock: Clock_LCD_Update     | Frequency: N/A       | Target:   0.0 MHz
Clock: Clock_LCD_Update(routed) | Frequency: N/A       | Target:   0.0 MHz
Clock: Clock_Lim_DB         | Frequency: N/A       | Target:   0.0 MHz
Clock: Clock_Step_Pulse     | Frequency: N/A       | Target:   0.3 MHz
Clock: Clock_Sw_DB          | Frequency: 142.8 MHz | Target:   0.0 MHz
Clock: CyBUS_CLK            | Frequency:   1.4 MHz | Target:  24.0 MHz
Clock: CyBUS_CLK(fixed-function) | Frequency: N/A       | Target:  24.0 MHz
Clock: CyILO                | Frequency: N/A       | Target:   0.0 MHz
Clock: CyIMO                | Frequency: N/A       | Target:   3.0 MHz
Clock: CyMASTER_CLK         | Frequency: N/A       | Target:  24.0 MHz
Clock: CyPLL_OUT            | Frequency: N/A       | Target:  24.0 MHz
Clock: UART_IntClock        | Frequency:   1.4 MHz | Target:   0.9 MHz

======================================================================
                     End of Clock Summary
######################################################################

Phase 8
D2088: Phase 8, elapsed time : 0.0 (sec)

D2054: Placement of the design completed successfully

I2076: Total run-time: 1.0 sec.

